[2025-12-13T02:13:57.377+0000] {manager.py:470} INFO - Processing files using up to 2 processes at a time 
[2025-12-13T02:13:57.384+0000] {manager.py:471} INFO - Process each file at most once every 30 seconds
[2025-12-13T02:13:57.384+0000] {manager.py:472} INFO - Checking for new files in /opt/airflow/dags every 300 seconds
[2025-12-13T02:13:57.386+0000] {manager.py:737} INFO - Searching for files in /opt/airflow/dags
[2025-12-13T02:13:57.405+0000] {manager.py:740} INFO - There are 1 files in /opt/airflow/dags
[2025-12-13T02:13:57.698+0000] {manager.py:878} INFO - 
================================================================================
DAG File Processing Stats

File Path                       PID  Runtime      # DAGs    # Errors  Last Runtime    Last Run
----------------------------  -----  ---------  --------  ----------  --------------  ----------
/opt/airflow/dags/airflow.py    100  0.18s             0           0
================================================================================
[2025-12-13T02:14:27.945+0000] {manager.py:878} INFO - 
================================================================================
DAG File Processing Stats

File Path                       PID  Runtime      # DAGs    # Errors  Last Runtime    Last Run
----------------------------  -----  ---------  --------  ----------  --------------  -------------------
/opt/airflow/dags/airflow.py    107  0.02s             0           1  0.27s           2025-12-13T02:13:57
================================================================================
[2025-12-13T02:14:58.096+0000] {manager.py:878} INFO - 
================================================================================
DAG File Processing Stats

File Path                       PID  Runtime      # DAGs    # Errors  Last Runtime    Last Run
----------------------------  -----  ---------  --------  ----------  --------------  -------------------
/opt/airflow/dags/airflow.py    114  0.01s             0           1  0.08s           2025-12-13T02:14:28
================================================================================
[2025-12-13T02:15:28.226+0000] {manager.py:878} INFO - 
================================================================================
DAG File Processing Stats

File Path                       PID  Runtime      # DAGs    # Errors  Last Runtime    Last Run
----------------------------  -----  ---------  --------  ----------  --------------  -------------------
/opt/airflow/dags/airflow.py    121  0.01s             0           1  0.07s           2025-12-13T02:14:58
================================================================================
[2025-12-13T02:15:58.366+0000] {manager.py:878} INFO - 
================================================================================
DAG File Processing Stats

File Path                       PID  Runtime      # DAGs    # Errors  Last Runtime    Last Run
----------------------------  -----  ---------  --------  ----------  --------------  -------------------
/opt/airflow/dags/airflow.py    128  0.01s             0           1  0.06s           2025-12-13T02:15:28
================================================================================
[2025-12-13T02:16:28.488+0000] {manager.py:878} INFO - 
================================================================================
DAG File Processing Stats

File Path                       PID  Runtime      # DAGs    # Errors  Last Runtime    Last Run
----------------------------  -----  ---------  --------  ----------  --------------  -------------------
/opt/airflow/dags/airflow.py    135  0.01s             0           1  0.08s           2025-12-13T02:15:58
================================================================================
[2025-12-13T02:16:58.616+0000] {manager.py:878} INFO - 
================================================================================
DAG File Processing Stats

File Path                       PID  Runtime      # DAGs    # Errors  Last Runtime    Last Run
----------------------------  -----  ---------  --------  ----------  --------------  -------------------
/opt/airflow/dags/airflow.py    142  0.00s             0           1  0.04s           2025-12-13T02:16:28
================================================================================
[2025-12-13T02:17:28.730+0000] {manager.py:878} INFO - 
================================================================================
DAG File Processing Stats

File Path                       PID  Runtime      # DAGs    # Errors  Last Runtime    Last Run
----------------------------  -----  ---------  --------  ----------  --------------  -------------------
/opt/airflow/dags/airflow.py    149  0.00s             0           1  0.04s           2025-12-13T02:16:58
================================================================================
[2025-12-13T02:17:58.857+0000] {manager.py:878} INFO - 
================================================================================
DAG File Processing Stats

File Path                       PID  Runtime      # DAGs    # Errors  Last Runtime    Last Run
----------------------------  -----  ---------  --------  ----------  --------------  -------------------
/opt/airflow/dags/airflow.py    156  0.00s             0           1  0.04s           2025-12-13T02:17:28
================================================================================
[2025-12-13T02:18:29.047+0000] {manager.py:878} INFO - 
================================================================================
DAG File Processing Stats

File Path                       PID  Runtime      # DAGs    # Errors  Last Runtime    Last Run
----------------------------  -----  ---------  --------  ----------  --------------  -------------------
/opt/airflow/dags/airflow.py    163  0.02s             0           1  0.04s           2025-12-13T02:17:58
================================================================================
[2025-12-13T02:18:29.960+0000] {manager.py:452} INFO - Exiting gracefully upon receiving signal 15
[2025-12-13T02:20:58.204+0000] {manager.py:470} INFO - Processing files using up to 2 processes at a time 
[2025-12-13T02:20:58.207+0000] {manager.py:471} INFO - Process each file at most once every 30 seconds
[2025-12-13T02:20:58.207+0000] {manager.py:472} INFO - Checking for new files in /opt/airflow/dags every 300 seconds
[2025-12-13T02:20:58.210+0000] {manager.py:737} INFO - Searching for files in /opt/airflow/dags
[2025-12-13T02:20:58.231+0000] {manager.py:740} INFO - There are 1 files in /opt/airflow/dags
[2025-12-13T02:20:58.596+0000] {manager.py:878} INFO - 
================================================================================
DAG File Processing Stats

File Path                     PID    Runtime      # DAGs    # Errors  Last Runtime    Last Run
----------------------------  -----  ---------  --------  ----------  --------------  -------------------
/opt/airflow/dags/airflow.py                           0           1  0.20s           2025-12-13T02:20:58
================================================================================
[2025-12-13T02:21:28.753+0000] {manager.py:878} INFO - 
================================================================================
DAG File Processing Stats

File Path                       PID  Runtime      # DAGs    # Errors  Last Runtime    Last Run
----------------------------  -----  ---------  --------  ----------  --------------  -------------------
/opt/airflow/dags/airflow.py     89  0.01s             0           1  0.20s           2025-12-13T02:20:58
================================================================================
[2025-12-13T02:21:58.874+0000] {manager.py:878} INFO - 
================================================================================
DAG File Processing Stats

File Path                       PID  Runtime      # DAGs    # Errors  Last Runtime    Last Run
----------------------------  -----  ---------  --------  ----------  --------------  -------------------
/opt/airflow/dags/airflow.py     96  0.00s             0           1  0.06s           2025-12-13T02:21:28
================================================================================
[2025-12-13T02:22:28.989+0000] {manager.py:878} INFO - 
================================================================================
DAG File Processing Stats

File Path                       PID  Runtime      # DAGs    # Errors  Last Runtime    Last Run
----------------------------  -----  ---------  --------  ----------  --------------  -------------------
/opt/airflow/dags/airflow.py    103  0.00s             0           1  0.04s           2025-12-13T02:21:58
================================================================================
[2025-12-13T02:22:59.100+0000] {manager.py:878} INFO - 
================================================================================
DAG File Processing Stats

File Path                       PID  Runtime      # DAGs    # Errors  Last Runtime    Last Run
----------------------------  -----  ---------  --------  ----------  --------------  -------------------
/opt/airflow/dags/airflow.py    109  0.00s             0           1  0.04s           2025-12-13T02:22:29
================================================================================
[2025-12-13T02:23:29.238+0000] {manager.py:878} INFO - 
================================================================================
DAG File Processing Stats

File Path                       PID  Runtime      # DAGs    # Errors  Last Runtime    Last Run
----------------------------  -----  ---------  --------  ----------  --------------  -------------------
/opt/airflow/dags/airflow.py    116  0.00s             0           1  0.04s           2025-12-13T02:22:59
================================================================================
[2025-12-13T02:23:48.803+0000] {manager.py:452} INFO - Exiting gracefully upon receiving signal 15
[2025-12-13T02:24:59.110+0000] {manager.py:470} INFO - Processing files using up to 2 processes at a time 
[2025-12-13T02:24:59.112+0000] {manager.py:471} INFO - Process each file at most once every 30 seconds
[2025-12-13T02:24:59.113+0000] {manager.py:472} INFO - Checking for new files in /opt/airflow/dags every 300 seconds
[2025-12-13T02:24:59.113+0000] {manager.py:737} INFO - Searching for files in /opt/airflow/dags
[2025-12-13T02:24:59.136+0000] {manager.py:740} INFO - There are 1 files in /opt/airflow/dags
[2025-12-13T02:24:59.396+0000] {manager.py:878} INFO - 
================================================================================
DAG File Processing Stats

File Path                       PID  Runtime      # DAGs    # Errors  Last Runtime    Last Run
----------------------------  -----  ---------  --------  ----------  --------------  ----------
/opt/airflow/dags/airflow.py     83  0.15s             0           0
================================================================================
[2025-12-13T02:25:29.542+0000] {manager.py:878} INFO - 
================================================================================
DAG File Processing Stats

File Path                       PID  Runtime      # DAGs    # Errors  Last Runtime    Last Run
----------------------------  -----  ---------  --------  ----------  --------------  -------------------
/opt/airflow/dags/airflow.py     90  0.00s             0           1  0.21s           2025-12-13T02:24:59
================================================================================
[2025-12-13T02:25:59.675+0000] {manager.py:878} INFO - 
================================================================================
DAG File Processing Stats

File Path                       PID  Runtime      # DAGs    # Errors  Last Runtime    Last Run
----------------------------  -----  ---------  --------  ----------  --------------  -------------------
/opt/airflow/dags/airflow.py     97  0.00s             0           1  0.04s           2025-12-13T02:25:29
================================================================================
[2025-12-13T02:26:29.799+0000] {manager.py:878} INFO - 
================================================================================
DAG File Processing Stats

File Path                       PID  Runtime      # DAGs    # Errors  Last Runtime    Last Run
----------------------------  -----  ---------  --------  ----------  --------------  -------------------
/opt/airflow/dags/airflow.py    104  0.01s             0           1  0.04s           2025-12-13T02:25:59
================================================================================
[2025-12-13T02:26:59.918+0000] {manager.py:878} INFO - 
================================================================================
DAG File Processing Stats

File Path                       PID  Runtime      # DAGs    # Errors  Last Runtime    Last Run
----------------------------  -----  ---------  --------  ----------  --------------  -------------------
/opt/airflow/dags/airflow.py    111  0.00s             0           1  0.04s           2025-12-13T02:26:29
================================================================================
[2025-12-13T02:27:30.036+0000] {manager.py:878} INFO - 
================================================================================
DAG File Processing Stats

File Path                       PID  Runtime      # DAGs    # Errors  Last Runtime    Last Run
----------------------------  -----  ---------  --------  ----------  --------------  -------------------
/opt/airflow/dags/airflow.py    118  0.00s             0           1  0.04s           2025-12-13T02:26:59
================================================================================
[2025-12-13T02:28:00.144+0000] {manager.py:878} INFO - 
================================================================================
DAG File Processing Stats

File Path                       PID  Runtime      # DAGs    # Errors  Last Runtime    Last Run
----------------------------  -----  ---------  --------  ----------  --------------  -------------------
/opt/airflow/dags/airflow.py    125  0.00s             0           1  0.04s           2025-12-13T02:27:30
================================================================================
[2025-12-13T02:28:30.372+0000] {manager.py:878} INFO - 
================================================================================
DAG File Processing Stats

File Path                     PID    Runtime      # DAGs    # Errors  Last Runtime    Last Run
----------------------------  -----  ---------  --------  ----------  --------------  -------------------
/opt/airflow/dags/airflow.py                           0           1  0.13s           2025-12-13T02:28:23
================================================================================
