[2025-12-13T02:13:57.603+0000] {processor.py:161} INFO - Started process (PID=100) to work on /opt/airflow/dags/airflow.py
[2025-12-13T02:13:57.610+0000] {processor.py:830} INFO - Processing file /opt/airflow/dags/airflow.py for tasks to queue
[2025-12-13T02:13:57.616+0000] {logging_mixin.py:188} INFO - [2025-12-13T02:13:57.616+0000] {dagbag.py:545} INFO - Filling up the DagBag from /opt/airflow/dags/airflow.py
[2025-12-13T02:13:57.630+0000] {logging_mixin.py:188} INFO - [2025-12-13T02:13:57.629+0000] {dagbag.py:355} ERROR - Failed to import: /opt/airflow/dags/airflow.py
Traceback (most recent call last):
  File "/home/airflow/.local/lib/python3.12/site-packages/airflow/models/dagbag.py", line 351, in parse
    loader.exec_module(new_module)
  File "<frozen importlib._bootstrap_external>", line 995, in exec_module
  File "<frozen importlib._bootstrap>", line 488, in _call_with_frames_removed
  File "/opt/airflow/dags/airflow.py", line 4, in <module>
    from airflow.providers.standard.operators.python import PythonOperator
ModuleNotFoundError: No module named 'airflow.providers.standard'
[2025-12-13T02:13:57.639+0000] {processor.py:842} WARNING - No viable dags retrieved from /opt/airflow/dags/airflow.py
[2025-12-13T02:13:57.710+0000] {processor.py:183} INFO - Processing /opt/airflow/dags/airflow.py took 0.159 seconds
[2025-12-13T02:14:27.955+0000] {processor.py:161} INFO - Started process (PID=107) to work on /opt/airflow/dags/airflow.py
[2025-12-13T02:14:27.956+0000] {processor.py:830} INFO - Processing file /opt/airflow/dags/airflow.py for tasks to queue
[2025-12-13T02:14:27.959+0000] {logging_mixin.py:188} INFO - [2025-12-13T02:14:27.958+0000] {dagbag.py:545} INFO - Filling up the DagBag from /opt/airflow/dags/airflow.py
[2025-12-13T02:14:27.963+0000] {logging_mixin.py:188} INFO - [2025-12-13T02:14:27.962+0000] {dagbag.py:355} ERROR - Failed to import: /opt/airflow/dags/airflow.py
Traceback (most recent call last):
  File "/home/airflow/.local/lib/python3.12/site-packages/airflow/models/dagbag.py", line 351, in parse
    loader.exec_module(new_module)
  File "<frozen importlib._bootstrap_external>", line 995, in exec_module
  File "<frozen importlib._bootstrap>", line 488, in _call_with_frames_removed
  File "/opt/airflow/dags/airflow.py", line 4, in <module>
    from airflow.providers.standard.operators.python import PythonOperator
ModuleNotFoundError: No module named 'airflow.providers.standard'
[2025-12-13T02:14:27.964+0000] {processor.py:842} WARNING - No viable dags retrieved from /opt/airflow/dags/airflow.py
[2025-12-13T02:14:27.996+0000] {processor.py:183} INFO - Processing /opt/airflow/dags/airflow.py took 0.050 seconds
[2025-12-13T02:14:58.111+0000] {processor.py:161} INFO - Started process (PID=114) to work on /opt/airflow/dags/airflow.py
[2025-12-13T02:14:58.112+0000] {processor.py:830} INFO - Processing file /opt/airflow/dags/airflow.py for tasks to queue
[2025-12-13T02:14:58.114+0000] {logging_mixin.py:188} INFO - [2025-12-13T02:14:58.114+0000] {dagbag.py:545} INFO - Filling up the DagBag from /opt/airflow/dags/airflow.py
[2025-12-13T02:14:58.118+0000] {logging_mixin.py:188} INFO - [2025-12-13T02:14:58.117+0000] {dagbag.py:355} ERROR - Failed to import: /opt/airflow/dags/airflow.py
Traceback (most recent call last):
  File "/home/airflow/.local/lib/python3.12/site-packages/airflow/models/dagbag.py", line 351, in parse
    loader.exec_module(new_module)
  File "<frozen importlib._bootstrap_external>", line 995, in exec_module
  File "<frozen importlib._bootstrap>", line 488, in _call_with_frames_removed
  File "/opt/airflow/dags/airflow.py", line 4, in <module>
    from airflow.providers.standard.operators.python import PythonOperator
ModuleNotFoundError: No module named 'airflow.providers.standard'
[2025-12-13T02:14:58.118+0000] {processor.py:842} WARNING - No viable dags retrieved from /opt/airflow/dags/airflow.py
[2025-12-13T02:14:58.142+0000] {processor.py:183} INFO - Processing /opt/airflow/dags/airflow.py took 0.042 seconds
[2025-12-13T02:15:28.234+0000] {processor.py:161} INFO - Started process (PID=121) to work on /opt/airflow/dags/airflow.py
[2025-12-13T02:15:28.235+0000] {processor.py:830} INFO - Processing file /opt/airflow/dags/airflow.py for tasks to queue
[2025-12-13T02:15:28.238+0000] {logging_mixin.py:188} INFO - [2025-12-13T02:15:28.237+0000] {dagbag.py:545} INFO - Filling up the DagBag from /opt/airflow/dags/airflow.py
[2025-12-13T02:15:28.242+0000] {logging_mixin.py:188} INFO - [2025-12-13T02:15:28.240+0000] {dagbag.py:355} ERROR - Failed to import: /opt/airflow/dags/airflow.py
Traceback (most recent call last):
  File "/home/airflow/.local/lib/python3.12/site-packages/airflow/models/dagbag.py", line 351, in parse
    loader.exec_module(new_module)
  File "<frozen importlib._bootstrap_external>", line 995, in exec_module
  File "<frozen importlib._bootstrap>", line 488, in _call_with_frames_removed
  File "/opt/airflow/dags/airflow.py", line 4, in <module>
    from airflow.providers.standard.operators.python import PythonOperator
ModuleNotFoundError: No module named 'airflow.providers.standard'
[2025-12-13T02:15:28.242+0000] {processor.py:842} WARNING - No viable dags retrieved from /opt/airflow/dags/airflow.py
[2025-12-13T02:15:28.263+0000] {processor.py:183} INFO - Processing /opt/airflow/dags/airflow.py took 0.036 seconds
[2025-12-13T02:15:58.387+0000] {processor.py:161} INFO - Started process (PID=128) to work on /opt/airflow/dags/airflow.py
[2025-12-13T02:15:58.388+0000] {processor.py:830} INFO - Processing file /opt/airflow/dags/airflow.py for tasks to queue
[2025-12-13T02:15:58.390+0000] {logging_mixin.py:188} INFO - [2025-12-13T02:15:58.389+0000] {dagbag.py:545} INFO - Filling up the DagBag from /opt/airflow/dags/airflow.py
[2025-12-13T02:15:58.393+0000] {logging_mixin.py:188} INFO - [2025-12-13T02:15:58.392+0000] {dagbag.py:355} ERROR - Failed to import: /opt/airflow/dags/airflow.py
Traceback (most recent call last):
  File "/home/airflow/.local/lib/python3.12/site-packages/airflow/models/dagbag.py", line 351, in parse
    loader.exec_module(new_module)
  File "<frozen importlib._bootstrap_external>", line 995, in exec_module
  File "<frozen importlib._bootstrap>", line 488, in _call_with_frames_removed
  File "/opt/airflow/dags/airflow.py", line 4, in <module>
    from airflow.providers.standard.operators.python import PythonOperator
ModuleNotFoundError: No module named 'airflow.providers.standard'
[2025-12-13T02:15:58.394+0000] {processor.py:842} WARNING - No viable dags retrieved from /opt/airflow/dags/airflow.py
[2025-12-13T02:15:58.417+0000] {processor.py:183} INFO - Processing /opt/airflow/dags/airflow.py took 0.045 seconds
[2025-12-13T02:16:28.495+0000] {processor.py:161} INFO - Started process (PID=135) to work on /opt/airflow/dags/airflow.py
[2025-12-13T02:16:28.495+0000] {processor.py:830} INFO - Processing file /opt/airflow/dags/airflow.py for tasks to queue
[2025-12-13T02:16:28.497+0000] {logging_mixin.py:188} INFO - [2025-12-13T02:16:28.496+0000] {dagbag.py:545} INFO - Filling up the DagBag from /opt/airflow/dags/airflow.py
[2025-12-13T02:16:28.499+0000] {logging_mixin.py:188} INFO - [2025-12-13T02:16:28.498+0000] {dagbag.py:355} ERROR - Failed to import: /opt/airflow/dags/airflow.py
Traceback (most recent call last):
  File "/home/airflow/.local/lib/python3.12/site-packages/airflow/models/dagbag.py", line 351, in parse
    loader.exec_module(new_module)
  File "<frozen importlib._bootstrap_external>", line 995, in exec_module
  File "<frozen importlib._bootstrap>", line 488, in _call_with_frames_removed
  File "/opt/airflow/dags/airflow.py", line 4, in <module>
    from airflow.providers.standard.operators.python import PythonOperator
ModuleNotFoundError: No module named 'airflow.providers.standard'
[2025-12-13T02:16:28.500+0000] {processor.py:842} WARNING - No viable dags retrieved from /opt/airflow/dags/airflow.py
[2025-12-13T02:16:28.516+0000] {processor.py:183} INFO - Processing /opt/airflow/dags/airflow.py took 0.027 seconds
[2025-12-13T02:16:58.624+0000] {processor.py:161} INFO - Started process (PID=142) to work on /opt/airflow/dags/airflow.py
[2025-12-13T02:16:58.624+0000] {processor.py:830} INFO - Processing file /opt/airflow/dags/airflow.py for tasks to queue
[2025-12-13T02:16:58.626+0000] {logging_mixin.py:188} INFO - [2025-12-13T02:16:58.625+0000] {dagbag.py:545} INFO - Filling up the DagBag from /opt/airflow/dags/airflow.py
[2025-12-13T02:16:58.628+0000] {logging_mixin.py:188} INFO - [2025-12-13T02:16:58.627+0000] {dagbag.py:355} ERROR - Failed to import: /opt/airflow/dags/airflow.py
Traceback (most recent call last):
  File "/home/airflow/.local/lib/python3.12/site-packages/airflow/models/dagbag.py", line 351, in parse
    loader.exec_module(new_module)
  File "<frozen importlib._bootstrap_external>", line 995, in exec_module
  File "<frozen importlib._bootstrap>", line 488, in _call_with_frames_removed
  File "/opt/airflow/dags/airflow.py", line 4, in <module>
    from airflow.providers.standard.operators.python import PythonOperator
ModuleNotFoundError: No module named 'airflow.providers.standard'
[2025-12-13T02:16:58.629+0000] {processor.py:842} WARNING - No viable dags retrieved from /opt/airflow/dags/airflow.py
[2025-12-13T02:16:58.642+0000] {processor.py:183} INFO - Processing /opt/airflow/dags/airflow.py took 0.026 seconds
[2025-12-13T02:17:28.739+0000] {processor.py:161} INFO - Started process (PID=149) to work on /opt/airflow/dags/airflow.py
[2025-12-13T02:17:28.739+0000] {processor.py:830} INFO - Processing file /opt/airflow/dags/airflow.py for tasks to queue
[2025-12-13T02:17:28.741+0000] {logging_mixin.py:188} INFO - [2025-12-13T02:17:28.740+0000] {dagbag.py:545} INFO - Filling up the DagBag from /opt/airflow/dags/airflow.py
[2025-12-13T02:17:28.743+0000] {logging_mixin.py:188} INFO - [2025-12-13T02:17:28.742+0000] {dagbag.py:355} ERROR - Failed to import: /opt/airflow/dags/airflow.py
Traceback (most recent call last):
  File "/home/airflow/.local/lib/python3.12/site-packages/airflow/models/dagbag.py", line 351, in parse
    loader.exec_module(new_module)
  File "<frozen importlib._bootstrap_external>", line 995, in exec_module
  File "<frozen importlib._bootstrap>", line 488, in _call_with_frames_removed
  File "/opt/airflow/dags/airflow.py", line 4, in <module>
    from airflow.providers.standard.operators.python import PythonOperator
ModuleNotFoundError: No module named 'airflow.providers.standard'
[2025-12-13T02:17:28.744+0000] {processor.py:842} WARNING - No viable dags retrieved from /opt/airflow/dags/airflow.py
[2025-12-13T02:17:28.761+0000] {processor.py:183} INFO - Processing /opt/airflow/dags/airflow.py took 0.030 seconds
[2025-12-13T02:17:58.864+0000] {processor.py:161} INFO - Started process (PID=156) to work on /opt/airflow/dags/airflow.py
[2025-12-13T02:17:58.865+0000] {processor.py:830} INFO - Processing file /opt/airflow/dags/airflow.py for tasks to queue
[2025-12-13T02:17:58.866+0000] {logging_mixin.py:188} INFO - [2025-12-13T02:17:58.866+0000] {dagbag.py:545} INFO - Filling up the DagBag from /opt/airflow/dags/airflow.py
[2025-12-13T02:17:58.869+0000] {logging_mixin.py:188} INFO - [2025-12-13T02:17:58.868+0000] {dagbag.py:355} ERROR - Failed to import: /opt/airflow/dags/airflow.py
Traceback (most recent call last):
  File "/home/airflow/.local/lib/python3.12/site-packages/airflow/models/dagbag.py", line 351, in parse
    loader.exec_module(new_module)
  File "<frozen importlib._bootstrap_external>", line 995, in exec_module
  File "<frozen importlib._bootstrap>", line 488, in _call_with_frames_removed
  File "/opt/airflow/dags/airflow.py", line 4, in <module>
    from airflow.providers.standard.operators.python import PythonOperator
ModuleNotFoundError: No module named 'airflow.providers.standard'
[2025-12-13T02:17:58.869+0000] {processor.py:842} WARNING - No viable dags retrieved from /opt/airflow/dags/airflow.py
[2025-12-13T02:17:58.883+0000] {processor.py:183} INFO - Processing /opt/airflow/dags/airflow.py took 0.025 seconds
[2025-12-13T02:18:29.087+0000] {processor.py:161} INFO - Started process (PID=163) to work on /opt/airflow/dags/airflow.py
[2025-12-13T02:18:29.090+0000] {processor.py:830} INFO - Processing file /opt/airflow/dags/airflow.py for tasks to queue
[2025-12-13T02:18:29.098+0000] {logging_mixin.py:188} INFO - [2025-12-13T02:18:29.096+0000] {dagbag.py:545} INFO - Filling up the DagBag from /opt/airflow/dags/airflow.py
[2025-12-13T02:18:29.105+0000] {logging_mixin.py:188} INFO - [2025-12-13T02:18:29.102+0000] {dagbag.py:355} ERROR - Failed to import: /opt/airflow/dags/airflow.py
Traceback (most recent call last):
  File "/home/airflow/.local/lib/python3.12/site-packages/airflow/models/dagbag.py", line 351, in parse
    loader.exec_module(new_module)
  File "<frozen importlib._bootstrap_external>", line 995, in exec_module
  File "<frozen importlib._bootstrap>", line 488, in _call_with_frames_removed
  File "/opt/airflow/dags/airflow.py", line 4, in <module>
    from airflow.providers.standard.operators.python import PythonOperator
ModuleNotFoundError: No module named 'airflow.providers.standard'
[2025-12-13T02:18:29.108+0000] {processor.py:842} WARNING - No viable dags retrieved from /opt/airflow/dags/airflow.py
[2025-12-13T02:18:29.167+0000] {processor.py:183} INFO - Processing /opt/airflow/dags/airflow.py took 0.115 seconds
[2025-12-13T02:20:58.451+0000] {processor.py:161} INFO - Started process (PID=82) to work on /opt/airflow/dags/airflow.py
[2025-12-13T02:20:58.453+0000] {processor.py:830} INFO - Processing file /opt/airflow/dags/airflow.py for tasks to queue
[2025-12-13T02:20:58.457+0000] {logging_mixin.py:188} INFO - [2025-12-13T02:20:58.457+0000] {dagbag.py:545} INFO - Filling up the DagBag from /opt/airflow/dags/airflow.py
[2025-12-13T02:20:58.468+0000] {logging_mixin.py:188} INFO - [2025-12-13T02:20:58.460+0000] {dagbag.py:355} ERROR - Failed to import: /opt/airflow/dags/airflow.py
Traceback (most recent call last):
  File "/home/airflow/.local/lib/python3.12/site-packages/airflow/models/dagbag.py", line 351, in parse
    loader.exec_module(new_module)
  File "<frozen importlib._bootstrap_external>", line 995, in exec_module
  File "<frozen importlib._bootstrap>", line 488, in _call_with_frames_removed
  File "/opt/airflow/dags/airflow.py", line 4, in <module>
    from airflow.providers.standard.operators.python import PythonOperator
ModuleNotFoundError: No module named 'airflow.providers.standard'
[2025-12-13T02:20:58.470+0000] {processor.py:842} WARNING - No viable dags retrieved from /opt/airflow/dags/airflow.py
[2025-12-13T02:20:58.534+0000] {processor.py:183} INFO - Processing /opt/airflow/dags/airflow.py took 0.105 seconds
[2025-12-13T02:21:28.762+0000] {processor.py:161} INFO - Started process (PID=89) to work on /opt/airflow/dags/airflow.py
[2025-12-13T02:21:28.763+0000] {processor.py:830} INFO - Processing file /opt/airflow/dags/airflow.py for tasks to queue
[2025-12-13T02:21:28.765+0000] {logging_mixin.py:188} INFO - [2025-12-13T02:21:28.764+0000] {dagbag.py:545} INFO - Filling up the DagBag from /opt/airflow/dags/airflow.py
[2025-12-13T02:21:28.770+0000] {logging_mixin.py:188} INFO - [2025-12-13T02:21:28.767+0000] {dagbag.py:355} ERROR - Failed to import: /opt/airflow/dags/airflow.py
Traceback (most recent call last):
  File "/home/airflow/.local/lib/python3.12/site-packages/airflow/models/dagbag.py", line 351, in parse
    loader.exec_module(new_module)
  File "<frozen importlib._bootstrap_external>", line 995, in exec_module
  File "<frozen importlib._bootstrap>", line 488, in _call_with_frames_removed
  File "/opt/airflow/dags/airflow.py", line 4, in <module>
    from airflow.providers.standard.operators.python import PythonOperator
ModuleNotFoundError: No module named 'airflow.providers.standard'
[2025-12-13T02:21:28.771+0000] {processor.py:842} WARNING - No viable dags retrieved from /opt/airflow/dags/airflow.py
[2025-12-13T02:21:28.791+0000] {processor.py:183} INFO - Processing /opt/airflow/dags/airflow.py took 0.036 seconds
[2025-12-13T02:21:58.881+0000] {processor.py:161} INFO - Started process (PID=96) to work on /opt/airflow/dags/airflow.py
[2025-12-13T02:21:58.882+0000] {processor.py:830} INFO - Processing file /opt/airflow/dags/airflow.py for tasks to queue
[2025-12-13T02:21:58.884+0000] {logging_mixin.py:188} INFO - [2025-12-13T02:21:58.883+0000] {dagbag.py:545} INFO - Filling up the DagBag from /opt/airflow/dags/airflow.py
[2025-12-13T02:21:58.886+0000] {logging_mixin.py:188} INFO - [2025-12-13T02:21:58.886+0000] {dagbag.py:355} ERROR - Failed to import: /opt/airflow/dags/airflow.py
Traceback (most recent call last):
  File "/home/airflow/.local/lib/python3.12/site-packages/airflow/models/dagbag.py", line 351, in parse
    loader.exec_module(new_module)
  File "<frozen importlib._bootstrap_external>", line 995, in exec_module
  File "<frozen importlib._bootstrap>", line 488, in _call_with_frames_removed
  File "/opt/airflow/dags/airflow.py", line 4, in <module>
    from airflow.providers.standard.operators.python import PythonOperator
ModuleNotFoundError: No module named 'airflow.providers.standard'
[2025-12-13T02:21:58.887+0000] {processor.py:842} WARNING - No viable dags retrieved from /opt/airflow/dags/airflow.py
[2025-12-13T02:21:58.900+0000] {processor.py:183} INFO - Processing /opt/airflow/dags/airflow.py took 0.025 seconds
[2025-12-13T02:22:28.997+0000] {processor.py:161} INFO - Started process (PID=103) to work on /opt/airflow/dags/airflow.py
[2025-12-13T02:22:28.997+0000] {processor.py:830} INFO - Processing file /opt/airflow/dags/airflow.py for tasks to queue
[2025-12-13T02:22:28.999+0000] {logging_mixin.py:188} INFO - [2025-12-13T02:22:28.998+0000] {dagbag.py:545} INFO - Filling up the DagBag from /opt/airflow/dags/airflow.py
[2025-12-13T02:22:29.001+0000] {logging_mixin.py:188} INFO - [2025-12-13T02:22:29.000+0000] {dagbag.py:355} ERROR - Failed to import: /opt/airflow/dags/airflow.py
Traceback (most recent call last):
  File "/home/airflow/.local/lib/python3.12/site-packages/airflow/models/dagbag.py", line 351, in parse
    loader.exec_module(new_module)
  File "<frozen importlib._bootstrap_external>", line 995, in exec_module
  File "<frozen importlib._bootstrap>", line 488, in _call_with_frames_removed
  File "/opt/airflow/dags/airflow.py", line 4, in <module>
    from airflow.providers.standard.operators.python import PythonOperator
ModuleNotFoundError: No module named 'airflow.providers.standard'
[2025-12-13T02:22:29.001+0000] {processor.py:842} WARNING - No viable dags retrieved from /opt/airflow/dags/airflow.py
[2025-12-13T02:22:29.015+0000] {processor.py:183} INFO - Processing /opt/airflow/dags/airflow.py took 0.024 seconds
[2025-12-13T02:22:59.107+0000] {processor.py:161} INFO - Started process (PID=109) to work on /opt/airflow/dags/airflow.py
[2025-12-13T02:22:59.108+0000] {processor.py:830} INFO - Processing file /opt/airflow/dags/airflow.py for tasks to queue
[2025-12-13T02:22:59.109+0000] {logging_mixin.py:188} INFO - [2025-12-13T02:22:59.109+0000] {dagbag.py:545} INFO - Filling up the DagBag from /opt/airflow/dags/airflow.py
[2025-12-13T02:22:59.111+0000] {logging_mixin.py:188} INFO - [2025-12-13T02:22:59.111+0000] {dagbag.py:355} ERROR - Failed to import: /opt/airflow/dags/airflow.py
Traceback (most recent call last):
  File "/home/airflow/.local/lib/python3.12/site-packages/airflow/models/dagbag.py", line 351, in parse
    loader.exec_module(new_module)
  File "<frozen importlib._bootstrap_external>", line 995, in exec_module
  File "<frozen importlib._bootstrap>", line 488, in _call_with_frames_removed
  File "/opt/airflow/dags/airflow.py", line 4, in <module>
    from airflow.providers.standard.operators.python import PythonOperator
ModuleNotFoundError: No module named 'airflow.providers.standard'
[2025-12-13T02:22:59.112+0000] {processor.py:842} WARNING - No viable dags retrieved from /opt/airflow/dags/airflow.py
[2025-12-13T02:22:59.128+0000] {processor.py:183} INFO - Processing /opt/airflow/dags/airflow.py took 0.026 seconds
[2025-12-13T02:23:29.246+0000] {processor.py:161} INFO - Started process (PID=116) to work on /opt/airflow/dags/airflow.py
[2025-12-13T02:23:29.246+0000] {processor.py:830} INFO - Processing file /opt/airflow/dags/airflow.py for tasks to queue
[2025-12-13T02:23:29.248+0000] {logging_mixin.py:188} INFO - [2025-12-13T02:23:29.248+0000] {dagbag.py:545} INFO - Filling up the DagBag from /opt/airflow/dags/airflow.py
[2025-12-13T02:23:29.250+0000] {logging_mixin.py:188} INFO - [2025-12-13T02:23:29.250+0000] {dagbag.py:355} ERROR - Failed to import: /opt/airflow/dags/airflow.py
Traceback (most recent call last):
  File "/home/airflow/.local/lib/python3.12/site-packages/airflow/models/dagbag.py", line 351, in parse
    loader.exec_module(new_module)
  File "<frozen importlib._bootstrap_external>", line 995, in exec_module
  File "<frozen importlib._bootstrap>", line 488, in _call_with_frames_removed
  File "/opt/airflow/dags/airflow.py", line 4, in <module>
    from airflow.providers.standard.operators.python import PythonOperator
ModuleNotFoundError: No module named 'airflow.providers.standard'
[2025-12-13T02:23:29.251+0000] {processor.py:842} WARNING - No viable dags retrieved from /opt/airflow/dags/airflow.py
[2025-12-13T02:23:29.264+0000] {processor.py:183} INFO - Processing /opt/airflow/dags/airflow.py took 0.024 seconds
[2025-12-13T02:23:43.320+0000] {processor.py:161} INFO - Started process (PID=117) to work on /opt/airflow/dags/airflow.py
[2025-12-13T02:23:43.321+0000] {processor.py:830} INFO - Processing file /opt/airflow/dags/airflow.py for tasks to queue
[2025-12-13T02:23:43.324+0000] {logging_mixin.py:188} INFO - [2025-12-13T02:23:43.323+0000] {dagbag.py:545} INFO - Filling up the DagBag from /opt/airflow/dags/airflow.py
[2025-12-13T02:23:43.331+0000] {logging_mixin.py:188} INFO - [2025-12-13T02:23:43.329+0000] {dagbag.py:355} ERROR - Failed to import: /opt/airflow/dags/airflow.py
Traceback (most recent call last):
  File "/home/airflow/.local/lib/python3.12/site-packages/airflow/models/dagbag.py", line 351, in parse
    loader.exec_module(new_module)
  File "<frozen importlib._bootstrap_external>", line 995, in exec_module
  File "<frozen importlib._bootstrap>", line 488, in _call_with_frames_removed
  File "/opt/airflow/dags/airflow.py", line 6, in <module>
    from src.lab import load_data, data_preprocessing, build_save_model, load_model_elbow
ModuleNotFoundError: No module named 'src.lab'
[2025-12-13T02:23:43.331+0000] {processor.py:842} WARNING - No viable dags retrieved from /opt/airflow/dags/airflow.py
[2025-12-13T02:23:43.347+0000] {processor.py:183} INFO - Processing /opt/airflow/dags/airflow.py took 0.033 seconds
[2025-12-13T02:24:59.307+0000] {processor.py:161} INFO - Started process (PID=83) to work on /opt/airflow/dags/airflow.py
[2025-12-13T02:24:59.312+0000] {processor.py:830} INFO - Processing file /opt/airflow/dags/airflow.py for tasks to queue
[2025-12-13T02:24:59.320+0000] {logging_mixin.py:188} INFO - [2025-12-13T02:24:59.317+0000] {dagbag.py:545} INFO - Filling up the DagBag from /opt/airflow/dags/airflow.py
[2025-12-13T02:24:59.339+0000] {logging_mixin.py:188} INFO - [2025-12-13T02:24:59.337+0000] {dagbag.py:355} ERROR - Failed to import: /opt/airflow/dags/airflow.py
Traceback (most recent call last):
  File "/home/airflow/.local/lib/python3.12/site-packages/airflow/models/dagbag.py", line 351, in parse
    loader.exec_module(new_module)
  File "<frozen importlib._bootstrap_external>", line 995, in exec_module
  File "<frozen importlib._bootstrap>", line 488, in _call_with_frames_removed
  File "/opt/airflow/dags/airflow.py", line 6, in <module>
    from src.lab import load_data, data_preprocessing, build_save_model, load_model_elbow
ModuleNotFoundError: No module named 'src.lab'
[2025-12-13T02:24:59.348+0000] {processor.py:842} WARNING - No viable dags retrieved from /opt/airflow/dags/airflow.py
[2025-12-13T02:24:59.423+0000] {processor.py:183} INFO - Processing /opt/airflow/dags/airflow.py took 0.142 seconds
[2025-12-13T02:25:29.550+0000] {processor.py:161} INFO - Started process (PID=90) to work on /opt/airflow/dags/airflow.py
[2025-12-13T02:25:29.550+0000] {processor.py:830} INFO - Processing file /opt/airflow/dags/airflow.py for tasks to queue
[2025-12-13T02:25:29.551+0000] {logging_mixin.py:188} INFO - [2025-12-13T02:25:29.551+0000] {dagbag.py:545} INFO - Filling up the DagBag from /opt/airflow/dags/airflow.py
[2025-12-13T02:25:29.554+0000] {logging_mixin.py:188} INFO - [2025-12-13T02:25:29.553+0000] {dagbag.py:355} ERROR - Failed to import: /opt/airflow/dags/airflow.py
Traceback (most recent call last):
  File "/home/airflow/.local/lib/python3.12/site-packages/airflow/models/dagbag.py", line 351, in parse
    loader.exec_module(new_module)
  File "<frozen importlib._bootstrap_external>", line 995, in exec_module
  File "<frozen importlib._bootstrap>", line 488, in _call_with_frames_removed
  File "/opt/airflow/dags/airflow.py", line 6, in <module>
    from src.lab import load_data, data_preprocessing, build_save_model, load_model_elbow
ModuleNotFoundError: No module named 'src.lab'
[2025-12-13T02:25:29.555+0000] {processor.py:842} WARNING - No viable dags retrieved from /opt/airflow/dags/airflow.py
[2025-12-13T02:25:29.569+0000] {processor.py:183} INFO - Processing /opt/airflow/dags/airflow.py took 0.026 seconds
[2025-12-13T02:25:59.683+0000] {processor.py:161} INFO - Started process (PID=97) to work on /opt/airflow/dags/airflow.py
[2025-12-13T02:25:59.684+0000] {processor.py:830} INFO - Processing file /opt/airflow/dags/airflow.py for tasks to queue
[2025-12-13T02:25:59.685+0000] {logging_mixin.py:188} INFO - [2025-12-13T02:25:59.685+0000] {dagbag.py:545} INFO - Filling up the DagBag from /opt/airflow/dags/airflow.py
[2025-12-13T02:25:59.688+0000] {logging_mixin.py:188} INFO - [2025-12-13T02:25:59.687+0000] {dagbag.py:355} ERROR - Failed to import: /opt/airflow/dags/airflow.py
Traceback (most recent call last):
  File "/home/airflow/.local/lib/python3.12/site-packages/airflow/models/dagbag.py", line 351, in parse
    loader.exec_module(new_module)
  File "<frozen importlib._bootstrap_external>", line 995, in exec_module
  File "<frozen importlib._bootstrap>", line 488, in _call_with_frames_removed
  File "/opt/airflow/dags/airflow.py", line 6, in <module>
    from src.lab import load_data, data_preprocessing, build_save_model, load_model_elbow
ModuleNotFoundError: No module named 'src.lab'
[2025-12-13T02:25:59.688+0000] {processor.py:842} WARNING - No viable dags retrieved from /opt/airflow/dags/airflow.py
[2025-12-13T02:25:59.702+0000] {processor.py:183} INFO - Processing /opt/airflow/dags/airflow.py took 0.026 seconds
[2025-12-13T02:26:29.806+0000] {processor.py:161} INFO - Started process (PID=104) to work on /opt/airflow/dags/airflow.py
[2025-12-13T02:26:29.807+0000] {processor.py:830} INFO - Processing file /opt/airflow/dags/airflow.py for tasks to queue
[2025-12-13T02:26:29.808+0000] {logging_mixin.py:188} INFO - [2025-12-13T02:26:29.808+0000] {dagbag.py:545} INFO - Filling up the DagBag from /opt/airflow/dags/airflow.py
[2025-12-13T02:26:29.811+0000] {logging_mixin.py:188} INFO - [2025-12-13T02:26:29.810+0000] {dagbag.py:355} ERROR - Failed to import: /opt/airflow/dags/airflow.py
Traceback (most recent call last):
  File "/home/airflow/.local/lib/python3.12/site-packages/airflow/models/dagbag.py", line 351, in parse
    loader.exec_module(new_module)
  File "<frozen importlib._bootstrap_external>", line 995, in exec_module
  File "<frozen importlib._bootstrap>", line 488, in _call_with_frames_removed
  File "/opt/airflow/dags/airflow.py", line 6, in <module>
    from src.lab import load_data, data_preprocessing, build_save_model, load_model_elbow
ModuleNotFoundError: No module named 'src.lab'
[2025-12-13T02:26:29.811+0000] {processor.py:842} WARNING - No viable dags retrieved from /opt/airflow/dags/airflow.py
[2025-12-13T02:26:29.825+0000] {processor.py:183} INFO - Processing /opt/airflow/dags/airflow.py took 0.024 seconds
[2025-12-13T02:26:59.924+0000] {processor.py:161} INFO - Started process (PID=111) to work on /opt/airflow/dags/airflow.py
[2025-12-13T02:26:59.925+0000] {processor.py:830} INFO - Processing file /opt/airflow/dags/airflow.py for tasks to queue
[2025-12-13T02:26:59.926+0000] {logging_mixin.py:188} INFO - [2025-12-13T02:26:59.926+0000] {dagbag.py:545} INFO - Filling up the DagBag from /opt/airflow/dags/airflow.py
[2025-12-13T02:26:59.929+0000] {logging_mixin.py:188} INFO - [2025-12-13T02:26:59.928+0000] {dagbag.py:355} ERROR - Failed to import: /opt/airflow/dags/airflow.py
Traceback (most recent call last):
  File "/home/airflow/.local/lib/python3.12/site-packages/airflow/models/dagbag.py", line 351, in parse
    loader.exec_module(new_module)
  File "<frozen importlib._bootstrap_external>", line 995, in exec_module
  File "<frozen importlib._bootstrap>", line 488, in _call_with_frames_removed
  File "/opt/airflow/dags/airflow.py", line 6, in <module>
    from src.lab import load_data, data_preprocessing, build_save_model, load_model_elbow
ModuleNotFoundError: No module named 'src.lab'
[2025-12-13T02:26:59.929+0000] {processor.py:842} WARNING - No viable dags retrieved from /opt/airflow/dags/airflow.py
[2025-12-13T02:26:59.943+0000] {processor.py:183} INFO - Processing /opt/airflow/dags/airflow.py took 0.024 seconds
[2025-12-13T02:27:30.042+0000] {processor.py:161} INFO - Started process (PID=118) to work on /opt/airflow/dags/airflow.py
[2025-12-13T02:27:30.043+0000] {processor.py:830} INFO - Processing file /opt/airflow/dags/airflow.py for tasks to queue
[2025-12-13T02:27:30.044+0000] {logging_mixin.py:188} INFO - [2025-12-13T02:27:30.044+0000] {dagbag.py:545} INFO - Filling up the DagBag from /opt/airflow/dags/airflow.py
[2025-12-13T02:27:30.047+0000] {logging_mixin.py:188} INFO - [2025-12-13T02:27:30.046+0000] {dagbag.py:355} ERROR - Failed to import: /opt/airflow/dags/airflow.py
Traceback (most recent call last):
  File "/home/airflow/.local/lib/python3.12/site-packages/airflow/models/dagbag.py", line 351, in parse
    loader.exec_module(new_module)
  File "<frozen importlib._bootstrap_external>", line 995, in exec_module
  File "<frozen importlib._bootstrap>", line 488, in _call_with_frames_removed
  File "/opt/airflow/dags/airflow.py", line 6, in <module>
    from src.lab import load_data, data_preprocessing, build_save_model, load_model_elbow
ModuleNotFoundError: No module named 'src.lab'
[2025-12-13T02:27:30.047+0000] {processor.py:842} WARNING - No viable dags retrieved from /opt/airflow/dags/airflow.py
[2025-12-13T02:27:30.066+0000] {processor.py:183} INFO - Processing /opt/airflow/dags/airflow.py took 0.029 seconds
[2025-12-13T02:28:00.151+0000] {processor.py:161} INFO - Started process (PID=125) to work on /opt/airflow/dags/airflow.py
[2025-12-13T02:28:00.151+0000] {processor.py:830} INFO - Processing file /opt/airflow/dags/airflow.py for tasks to queue
[2025-12-13T02:28:00.152+0000] {logging_mixin.py:188} INFO - [2025-12-13T02:28:00.152+0000] {dagbag.py:545} INFO - Filling up the DagBag from /opt/airflow/dags/airflow.py
[2025-12-13T02:28:00.155+0000] {logging_mixin.py:188} INFO - [2025-12-13T02:28:00.154+0000] {dagbag.py:355} ERROR - Failed to import: /opt/airflow/dags/airflow.py
Traceback (most recent call last):
  File "/home/airflow/.local/lib/python3.12/site-packages/airflow/models/dagbag.py", line 351, in parse
    loader.exec_module(new_module)
  File "<frozen importlib._bootstrap_external>", line 995, in exec_module
  File "<frozen importlib._bootstrap>", line 488, in _call_with_frames_removed
  File "/opt/airflow/dags/airflow.py", line 6, in <module>
    from src.lab import load_data, data_preprocessing, build_save_model, load_model_elbow
ModuleNotFoundError: No module named 'src.lab'
[2025-12-13T02:28:00.155+0000] {processor.py:842} WARNING - No viable dags retrieved from /opt/airflow/dags/airflow.py
[2025-12-13T02:28:00.169+0000] {processor.py:183} INFO - Processing /opt/airflow/dags/airflow.py took 0.024 seconds
[2025-12-13T02:28:13.225+0000] {processor.py:161} INFO - Started process (PID=126) to work on /opt/airflow/dags/airflow.py
[2025-12-13T02:28:13.226+0000] {processor.py:830} INFO - Processing file /opt/airflow/dags/airflow.py for tasks to queue
[2025-12-13T02:28:13.227+0000] {logging_mixin.py:188} INFO - [2025-12-13T02:28:13.227+0000] {dagbag.py:545} INFO - Filling up the DagBag from /opt/airflow/dags/airflow.py
[2025-12-13T02:28:13.231+0000] {logging_mixin.py:188} INFO - [2025-12-13T02:28:13.230+0000] {dagbag.py:355} ERROR - Failed to import: /opt/airflow/dags/airflow.py
Traceback (most recent call last):
  File "/home/airflow/.local/lib/python3.12/site-packages/airflow/models/dagbag.py", line 351, in parse
    loader.exec_module(new_module)
  File "<frozen importlib._bootstrap_external>", line 995, in exec_module
  File "<frozen importlib._bootstrap>", line 488, in _call_with_frames_removed
  File "/opt/airflow/dags/airflow.py", line 7, in <module>
    from src.lab import load_data, data_preprocessing, build_save_model, load_model_elbow
ModuleNotFoundError: No module named 'src.lab'
[2025-12-13T02:28:13.231+0000] {processor.py:842} WARNING - No viable dags retrieved from /opt/airflow/dags/airflow.py
[2025-12-13T02:28:13.248+0000] {processor.py:183} INFO - Processing /opt/airflow/dags/airflow.py took 0.029 seconds
[2025-12-13T02:28:14.236+0000] {processor.py:161} INFO - Started process (PID=127) to work on /opt/airflow/dags/airflow.py
[2025-12-13T02:28:14.236+0000] {processor.py:830} INFO - Processing file /opt/airflow/dags/airflow.py for tasks to queue
[2025-12-13T02:28:14.238+0000] {logging_mixin.py:188} INFO - [2025-12-13T02:28:14.237+0000] {dagbag.py:545} INFO - Filling up the DagBag from /opt/airflow/dags/airflow.py
[2025-12-13T02:28:14.241+0000] {logging_mixin.py:188} INFO - [2025-12-13T02:28:14.240+0000] {dagbag.py:355} ERROR - Failed to import: /opt/airflow/dags/airflow.py
Traceback (most recent call last):
  File "/home/airflow/.local/lib/python3.12/site-packages/airflow/models/dagbag.py", line 351, in parse
    loader.exec_module(new_module)
  File "<frozen importlib._bootstrap_external>", line 995, in exec_module
  File "<frozen importlib._bootstrap>", line 488, in _call_with_frames_removed
  File "/opt/airflow/dags/airflow.py", line 9, in <module>
    from src.lab import load_data, data_preprocessing, build_save_model, load_model_elbow
ModuleNotFoundError: No module named 'src.lab'
[2025-12-13T02:28:14.242+0000] {processor.py:842} WARNING - No viable dags retrieved from /opt/airflow/dags/airflow.py
[2025-12-13T02:28:14.256+0000] {processor.py:183} INFO - Processing /opt/airflow/dags/airflow.py took 0.025 seconds
[2025-12-13T02:28:21.264+0000] {processor.py:161} INFO - Started process (PID=128) to work on /opt/airflow/dags/airflow.py
[2025-12-13T02:28:21.264+0000] {processor.py:830} INFO - Processing file /opt/airflow/dags/airflow.py for tasks to queue
[2025-12-13T02:28:21.266+0000] {logging_mixin.py:188} INFO - [2025-12-13T02:28:21.266+0000] {dagbag.py:545} INFO - Filling up the DagBag from /opt/airflow/dags/airflow.py
[2025-12-13T02:28:21.269+0000] {logging_mixin.py:188} INFO - [2025-12-13T02:28:21.269+0000] {dagbag.py:355} ERROR - Failed to import: /opt/airflow/dags/airflow.py
Traceback (most recent call last):
  File "/home/airflow/.local/lib/python3.12/site-packages/airflow/models/dagbag.py", line 351, in parse
    loader.exec_module(new_module)
  File "<frozen importlib._bootstrap_external>", line 995, in exec_module
  File "<frozen importlib._bootstrap>", line 488, in _call_with_frames_removed
  File "/opt/airflow/dags/airflow.py", line 9, in <module>
    from src.lab import load_data, data_preprocessing, build_save_model, load_model_elbow
ModuleNotFoundError: No module named 'src.lab'
[2025-12-13T02:28:21.270+0000] {processor.py:842} WARNING - No viable dags retrieved from /opt/airflow/dags/airflow.py
[2025-12-13T02:28:21.285+0000] {processor.py:183} INFO - Processing /opt/airflow/dags/airflow.py took 0.026 seconds
[2025-12-13T02:28:23.350+0000] {processor.py:161} INFO - Started process (PID=129) to work on /opt/airflow/dags/airflow.py
[2025-12-13T02:28:23.353+0000] {processor.py:830} INFO - Processing file /opt/airflow/dags/airflow.py for tasks to queue
[2025-12-13T02:28:23.357+0000] {logging_mixin.py:188} INFO - [2025-12-13T02:28:23.357+0000] {dagbag.py:545} INFO - Filling up the DagBag from /opt/airflow/dags/airflow.py
[2025-12-13T02:28:23.366+0000] {logging_mixin.py:188} INFO - [2025-12-13T02:28:23.365+0000] {dagbag.py:355} ERROR - Failed to import: /opt/airflow/dags/airflow.py
Traceback (most recent call last):
  File "/home/airflow/.local/lib/python3.12/site-packages/airflow/models/dagbag.py", line 351, in parse
    loader.exec_module(new_module)
  File "<frozen importlib._bootstrap_external>", line 995, in exec_module
  File "<frozen importlib._bootstrap>", line 488, in _call_with_frames_removed
  File "/opt/airflow/dags/airflow.py", line 9, in <module>
    from src.lab import load_data, data_preprocessing, build_save_model, load_model_elbow
ModuleNotFoundError: No module named 'src.lab'
[2025-12-13T02:28:23.367+0000] {processor.py:842} WARNING - No viable dags retrieved from /opt/airflow/dags/airflow.py
[2025-12-13T02:28:23.414+0000] {processor.py:183} INFO - Processing /opt/airflow/dags/airflow.py took 0.086 seconds
[2025-12-13T02:28:53.459+0000] {processor.py:161} INFO - Started process (PID=136) to work on /opt/airflow/dags/airflow.py
[2025-12-13T02:28:53.460+0000] {processor.py:830} INFO - Processing file /opt/airflow/dags/airflow.py for tasks to queue
[2025-12-13T02:28:53.461+0000] {logging_mixin.py:188} INFO - [2025-12-13T02:28:53.461+0000] {dagbag.py:545} INFO - Filling up the DagBag from /opt/airflow/dags/airflow.py
[2025-12-13T02:28:53.464+0000] {logging_mixin.py:188} INFO - [2025-12-13T02:28:53.463+0000] {dagbag.py:355} ERROR - Failed to import: /opt/airflow/dags/airflow.py
Traceback (most recent call last):
  File "/home/airflow/.local/lib/python3.12/site-packages/airflow/models/dagbag.py", line 351, in parse
    loader.exec_module(new_module)
  File "<frozen importlib._bootstrap_external>", line 995, in exec_module
  File "<frozen importlib._bootstrap>", line 488, in _call_with_frames_removed
  File "/opt/airflow/dags/airflow.py", line 9, in <module>
    from src.lab import load_data, data_preprocessing, build_save_model, load_model_elbow
ModuleNotFoundError: No module named 'src.lab'
[2025-12-13T02:28:53.464+0000] {processor.py:842} WARNING - No viable dags retrieved from /opt/airflow/dags/airflow.py
[2025-12-13T02:28:53.479+0000] {processor.py:183} INFO - Processing /opt/airflow/dags/airflow.py took 0.025 seconds
[2025-12-13T02:29:23.580+0000] {processor.py:161} INFO - Started process (PID=143) to work on /opt/airflow/dags/airflow.py
[2025-12-13T02:29:23.581+0000] {processor.py:830} INFO - Processing file /opt/airflow/dags/airflow.py for tasks to queue
[2025-12-13T02:29:23.582+0000] {logging_mixin.py:188} INFO - [2025-12-13T02:29:23.582+0000] {dagbag.py:545} INFO - Filling up the DagBag from /opt/airflow/dags/airflow.py
[2025-12-13T02:29:23.585+0000] {logging_mixin.py:188} INFO - [2025-12-13T02:29:23.584+0000] {dagbag.py:355} ERROR - Failed to import: /opt/airflow/dags/airflow.py
Traceback (most recent call last):
  File "/home/airflow/.local/lib/python3.12/site-packages/airflow/models/dagbag.py", line 351, in parse
    loader.exec_module(new_module)
  File "<frozen importlib._bootstrap_external>", line 995, in exec_module
  File "<frozen importlib._bootstrap>", line 488, in _call_with_frames_removed
  File "/opt/airflow/dags/airflow.py", line 9, in <module>
    from src.lab import load_data, data_preprocessing, build_save_model, load_model_elbow
ModuleNotFoundError: No module named 'src.lab'
[2025-12-13T02:29:23.585+0000] {processor.py:842} WARNING - No viable dags retrieved from /opt/airflow/dags/airflow.py
[2025-12-13T02:29:23.599+0000] {processor.py:183} INFO - Processing /opt/airflow/dags/airflow.py took 0.024 seconds
[2025-12-13T02:29:53.693+0000] {processor.py:161} INFO - Started process (PID=150) to work on /opt/airflow/dags/airflow.py
[2025-12-13T02:29:53.693+0000] {processor.py:830} INFO - Processing file /opt/airflow/dags/airflow.py for tasks to queue
[2025-12-13T02:29:53.695+0000] {logging_mixin.py:188} INFO - [2025-12-13T02:29:53.695+0000] {dagbag.py:545} INFO - Filling up the DagBag from /opt/airflow/dags/airflow.py
[2025-12-13T02:29:53.697+0000] {logging_mixin.py:188} INFO - [2025-12-13T02:29:53.697+0000] {dagbag.py:355} ERROR - Failed to import: /opt/airflow/dags/airflow.py
Traceback (most recent call last):
  File "/home/airflow/.local/lib/python3.12/site-packages/airflow/models/dagbag.py", line 351, in parse
    loader.exec_module(new_module)
  File "<frozen importlib._bootstrap_external>", line 995, in exec_module
  File "<frozen importlib._bootstrap>", line 488, in _call_with_frames_removed
  File "/opt/airflow/dags/airflow.py", line 9, in <module>
    from src.lab import load_data, data_preprocessing, build_save_model, load_model_elbow
ModuleNotFoundError: No module named 'src.lab'
[2025-12-13T02:29:53.698+0000] {processor.py:842} WARNING - No viable dags retrieved from /opt/airflow/dags/airflow.py
[2025-12-13T02:29:53.711+0000] {processor.py:183} INFO - Processing /opt/airflow/dags/airflow.py took 0.024 seconds
[2025-12-13T02:30:23.810+0000] {processor.py:161} INFO - Started process (PID=157) to work on /opt/airflow/dags/airflow.py
[2025-12-13T02:30:23.811+0000] {processor.py:830} INFO - Processing file /opt/airflow/dags/airflow.py for tasks to queue
[2025-12-13T02:30:23.812+0000] {logging_mixin.py:188} INFO - [2025-12-13T02:30:23.812+0000] {dagbag.py:545} INFO - Filling up the DagBag from /opt/airflow/dags/airflow.py
[2025-12-13T02:30:23.816+0000] {logging_mixin.py:188} INFO - [2025-12-13T02:30:23.815+0000] {dagbag.py:355} ERROR - Failed to import: /opt/airflow/dags/airflow.py
Traceback (most recent call last):
  File "/home/airflow/.local/lib/python3.12/site-packages/airflow/models/dagbag.py", line 351, in parse
    loader.exec_module(new_module)
  File "<frozen importlib._bootstrap_external>", line 995, in exec_module
  File "<frozen importlib._bootstrap>", line 488, in _call_with_frames_removed
  File "/opt/airflow/dags/airflow.py", line 9, in <module>
    from src.lab import load_data, data_preprocessing, build_save_model, load_model_elbow
ModuleNotFoundError: No module named 'src.lab'
[2025-12-13T02:30:23.817+0000] {processor.py:842} WARNING - No viable dags retrieved from /opt/airflow/dags/airflow.py
[2025-12-13T02:30:23.834+0000] {processor.py:183} INFO - Processing /opt/airflow/dags/airflow.py took 0.029 seconds
[2025-12-13T02:30:53.922+0000] {processor.py:161} INFO - Started process (PID=164) to work on /opt/airflow/dags/airflow.py
[2025-12-13T02:30:53.923+0000] {processor.py:830} INFO - Processing file /opt/airflow/dags/airflow.py for tasks to queue
[2025-12-13T02:30:53.924+0000] {logging_mixin.py:188} INFO - [2025-12-13T02:30:53.924+0000] {dagbag.py:545} INFO - Filling up the DagBag from /opt/airflow/dags/airflow.py
[2025-12-13T02:30:53.927+0000] {logging_mixin.py:188} INFO - [2025-12-13T02:30:53.926+0000] {dagbag.py:355} ERROR - Failed to import: /opt/airflow/dags/airflow.py
Traceback (most recent call last):
  File "/home/airflow/.local/lib/python3.12/site-packages/airflow/models/dagbag.py", line 351, in parse
    loader.exec_module(new_module)
  File "<frozen importlib._bootstrap_external>", line 995, in exec_module
  File "<frozen importlib._bootstrap>", line 488, in _call_with_frames_removed
  File "/opt/airflow/dags/airflow.py", line 9, in <module>
    from src.lab import load_data, data_preprocessing, build_save_model, load_model_elbow
ModuleNotFoundError: No module named 'src.lab'
[2025-12-13T02:30:53.927+0000] {processor.py:842} WARNING - No viable dags retrieved from /opt/airflow/dags/airflow.py
[2025-12-13T02:30:53.941+0000] {processor.py:183} INFO - Processing /opt/airflow/dags/airflow.py took 0.024 seconds
[2025-12-13T02:31:24.039+0000] {processor.py:161} INFO - Started process (PID=171) to work on /opt/airflow/dags/airflow.py
[2025-12-13T02:31:24.040+0000] {processor.py:830} INFO - Processing file /opt/airflow/dags/airflow.py for tasks to queue
[2025-12-13T02:31:24.041+0000] {logging_mixin.py:188} INFO - [2025-12-13T02:31:24.041+0000] {dagbag.py:545} INFO - Filling up the DagBag from /opt/airflow/dags/airflow.py
[2025-12-13T02:31:24.044+0000] {logging_mixin.py:188} INFO - [2025-12-13T02:31:24.043+0000] {dagbag.py:355} ERROR - Failed to import: /opt/airflow/dags/airflow.py
Traceback (most recent call last):
  File "/home/airflow/.local/lib/python3.12/site-packages/airflow/models/dagbag.py", line 351, in parse
    loader.exec_module(new_module)
  File "<frozen importlib._bootstrap_external>", line 995, in exec_module
  File "<frozen importlib._bootstrap>", line 488, in _call_with_frames_removed
  File "/opt/airflow/dags/airflow.py", line 9, in <module>
    from src.lab import load_data, data_preprocessing, build_save_model, load_model_elbow
ModuleNotFoundError: No module named 'src.lab'
[2025-12-13T02:31:24.044+0000] {processor.py:842} WARNING - No viable dags retrieved from /opt/airflow/dags/airflow.py
[2025-12-13T02:31:24.059+0000] {processor.py:183} INFO - Processing /opt/airflow/dags/airflow.py took 0.025 seconds
[2025-12-13T02:31:54.156+0000] {processor.py:161} INFO - Started process (PID=178) to work on /opt/airflow/dags/airflow.py
[2025-12-13T02:31:54.157+0000] {processor.py:830} INFO - Processing file /opt/airflow/dags/airflow.py for tasks to queue
[2025-12-13T02:31:54.158+0000] {logging_mixin.py:188} INFO - [2025-12-13T02:31:54.158+0000] {dagbag.py:545} INFO - Filling up the DagBag from /opt/airflow/dags/airflow.py
[2025-12-13T02:31:54.161+0000] {logging_mixin.py:188} INFO - [2025-12-13T02:31:54.160+0000] {dagbag.py:355} ERROR - Failed to import: /opt/airflow/dags/airflow.py
Traceback (most recent call last):
  File "/home/airflow/.local/lib/python3.12/site-packages/airflow/models/dagbag.py", line 351, in parse
    loader.exec_module(new_module)
  File "<frozen importlib._bootstrap_external>", line 995, in exec_module
  File "<frozen importlib._bootstrap>", line 488, in _call_with_frames_removed
  File "/opt/airflow/dags/airflow.py", line 9, in <module>
    from src.lab import load_data, data_preprocessing, build_save_model, load_model_elbow
ModuleNotFoundError: No module named 'src.lab'
[2025-12-13T02:31:54.161+0000] {processor.py:842} WARNING - No viable dags retrieved from /opt/airflow/dags/airflow.py
[2025-12-13T02:31:54.175+0000] {processor.py:183} INFO - Processing /opt/airflow/dags/airflow.py took 0.024 seconds
[2025-12-13T02:32:24.275+0000] {processor.py:161} INFO - Started process (PID=185) to work on /opt/airflow/dags/airflow.py
[2025-12-13T02:32:24.276+0000] {processor.py:830} INFO - Processing file /opt/airflow/dags/airflow.py for tasks to queue
[2025-12-13T02:32:24.277+0000] {logging_mixin.py:188} INFO - [2025-12-13T02:32:24.277+0000] {dagbag.py:545} INFO - Filling up the DagBag from /opt/airflow/dags/airflow.py
[2025-12-13T02:32:24.280+0000] {logging_mixin.py:188} INFO - [2025-12-13T02:32:24.279+0000] {dagbag.py:355} ERROR - Failed to import: /opt/airflow/dags/airflow.py
Traceback (most recent call last):
  File "/home/airflow/.local/lib/python3.12/site-packages/airflow/models/dagbag.py", line 351, in parse
    loader.exec_module(new_module)
  File "<frozen importlib._bootstrap_external>", line 995, in exec_module
  File "<frozen importlib._bootstrap>", line 488, in _call_with_frames_removed
  File "/opt/airflow/dags/airflow.py", line 9, in <module>
    from src.lab import load_data, data_preprocessing, build_save_model, load_model_elbow
ModuleNotFoundError: No module named 'src.lab'
[2025-12-13T02:32:24.280+0000] {processor.py:842} WARNING - No viable dags retrieved from /opt/airflow/dags/airflow.py
[2025-12-13T02:32:24.294+0000] {processor.py:183} INFO - Processing /opt/airflow/dags/airflow.py took 0.025 seconds
[2025-12-13T02:32:54.408+0000] {processor.py:161} INFO - Started process (PID=192) to work on /opt/airflow/dags/airflow.py
[2025-12-13T02:32:54.411+0000] {processor.py:830} INFO - Processing file /opt/airflow/dags/airflow.py for tasks to queue
[2025-12-13T02:32:54.415+0000] {logging_mixin.py:188} INFO - [2025-12-13T02:32:54.415+0000] {dagbag.py:545} INFO - Filling up the DagBag from /opt/airflow/dags/airflow.py
[2025-12-13T02:32:54.423+0000] {logging_mixin.py:188} INFO - [2025-12-13T02:32:54.422+0000] {dagbag.py:355} ERROR - Failed to import: /opt/airflow/dags/airflow.py
Traceback (most recent call last):
  File "/home/airflow/.local/lib/python3.12/site-packages/airflow/models/dagbag.py", line 351, in parse
    loader.exec_module(new_module)
  File "<frozen importlib._bootstrap_external>", line 995, in exec_module
  File "<frozen importlib._bootstrap>", line 488, in _call_with_frames_removed
  File "/opt/airflow/dags/airflow.py", line 9, in <module>
    from src.lab import load_data, data_preprocessing, build_save_model, load_model_elbow
ModuleNotFoundError: No module named 'src.lab'
[2025-12-13T02:32:54.426+0000] {processor.py:842} WARNING - No viable dags retrieved from /opt/airflow/dags/airflow.py
[2025-12-13T02:32:54.468+0000] {processor.py:183} INFO - Processing /opt/airflow/dags/airflow.py took 0.074 seconds
[2025-12-13T02:33:24.532+0000] {processor.py:161} INFO - Started process (PID=199) to work on /opt/airflow/dags/airflow.py
[2025-12-13T02:33:24.533+0000] {processor.py:830} INFO - Processing file /opt/airflow/dags/airflow.py for tasks to queue
[2025-12-13T02:33:24.535+0000] {logging_mixin.py:188} INFO - [2025-12-13T02:33:24.535+0000] {dagbag.py:545} INFO - Filling up the DagBag from /opt/airflow/dags/airflow.py
[2025-12-13T02:33:24.540+0000] {logging_mixin.py:188} INFO - [2025-12-13T02:33:24.539+0000] {dagbag.py:355} ERROR - Failed to import: /opt/airflow/dags/airflow.py
Traceback (most recent call last):
  File "/home/airflow/.local/lib/python3.12/site-packages/airflow/models/dagbag.py", line 351, in parse
    loader.exec_module(new_module)
  File "<frozen importlib._bootstrap_external>", line 995, in exec_module
  File "<frozen importlib._bootstrap>", line 488, in _call_with_frames_removed
  File "/opt/airflow/dags/airflow.py", line 9, in <module>
    from src.lab import load_data, data_preprocessing, build_save_model, load_model_elbow
ModuleNotFoundError: No module named 'src.lab'
[2025-12-13T02:33:24.541+0000] {processor.py:842} WARNING - No viable dags retrieved from /opt/airflow/dags/airflow.py
[2025-12-13T02:33:24.558+0000] {processor.py:183} INFO - Processing /opt/airflow/dags/airflow.py took 0.033 seconds
[2025-12-13T02:33:54.649+0000] {processor.py:161} INFO - Started process (PID=206) to work on /opt/airflow/dags/airflow.py
[2025-12-13T02:33:54.649+0000] {processor.py:830} INFO - Processing file /opt/airflow/dags/airflow.py for tasks to queue
[2025-12-13T02:33:54.651+0000] {logging_mixin.py:188} INFO - [2025-12-13T02:33:54.650+0000] {dagbag.py:545} INFO - Filling up the DagBag from /opt/airflow/dags/airflow.py
[2025-12-13T02:33:54.653+0000] {logging_mixin.py:188} INFO - [2025-12-13T02:33:54.653+0000] {dagbag.py:355} ERROR - Failed to import: /opt/airflow/dags/airflow.py
Traceback (most recent call last):
  File "/home/airflow/.local/lib/python3.12/site-packages/airflow/models/dagbag.py", line 351, in parse
    loader.exec_module(new_module)
  File "<frozen importlib._bootstrap_external>", line 995, in exec_module
  File "<frozen importlib._bootstrap>", line 488, in _call_with_frames_removed
  File "/opt/airflow/dags/airflow.py", line 9, in <module>
    from src.lab import load_data, data_preprocessing, build_save_model, load_model_elbow
ModuleNotFoundError: No module named 'src.lab'
[2025-12-13T02:33:54.654+0000] {processor.py:842} WARNING - No viable dags retrieved from /opt/airflow/dags/airflow.py
[2025-12-13T02:33:54.668+0000] {processor.py:183} INFO - Processing /opt/airflow/dags/airflow.py took 0.024 seconds
[2025-12-13T02:34:24.769+0000] {processor.py:161} INFO - Started process (PID=213) to work on /opt/airflow/dags/airflow.py
[2025-12-13T02:34:24.771+0000] {processor.py:830} INFO - Processing file /opt/airflow/dags/airflow.py for tasks to queue
[2025-12-13T02:34:24.773+0000] {logging_mixin.py:188} INFO - [2025-12-13T02:34:24.773+0000] {dagbag.py:545} INFO - Filling up the DagBag from /opt/airflow/dags/airflow.py
[2025-12-13T02:34:24.777+0000] {logging_mixin.py:188} INFO - [2025-12-13T02:34:24.776+0000] {dagbag.py:355} ERROR - Failed to import: /opt/airflow/dags/airflow.py
Traceback (most recent call last):
  File "/home/airflow/.local/lib/python3.12/site-packages/airflow/models/dagbag.py", line 351, in parse
    loader.exec_module(new_module)
  File "<frozen importlib._bootstrap_external>", line 995, in exec_module
  File "<frozen importlib._bootstrap>", line 488, in _call_with_frames_removed
  File "/opt/airflow/dags/airflow.py", line 9, in <module>
    from src.lab import load_data, data_preprocessing, build_save_model, load_model_elbow
ModuleNotFoundError: No module named 'src.lab'
[2025-12-13T02:34:24.778+0000] {processor.py:842} WARNING - No viable dags retrieved from /opt/airflow/dags/airflow.py
[2025-12-13T02:34:24.798+0000] {processor.py:183} INFO - Processing /opt/airflow/dags/airflow.py took 0.035 seconds
[2025-12-13T02:34:54.898+0000] {processor.py:161} INFO - Started process (PID=220) to work on /opt/airflow/dags/airflow.py
[2025-12-13T02:34:54.898+0000] {processor.py:830} INFO - Processing file /opt/airflow/dags/airflow.py for tasks to queue
[2025-12-13T02:34:54.900+0000] {logging_mixin.py:188} INFO - [2025-12-13T02:34:54.899+0000] {dagbag.py:545} INFO - Filling up the DagBag from /opt/airflow/dags/airflow.py
[2025-12-13T02:34:54.902+0000] {logging_mixin.py:188} INFO - [2025-12-13T02:34:54.901+0000] {dagbag.py:355} ERROR - Failed to import: /opt/airflow/dags/airflow.py
Traceback (most recent call last):
  File "/home/airflow/.local/lib/python3.12/site-packages/airflow/models/dagbag.py", line 351, in parse
    loader.exec_module(new_module)
  File "<frozen importlib._bootstrap_external>", line 995, in exec_module
  File "<frozen importlib._bootstrap>", line 488, in _call_with_frames_removed
  File "/opt/airflow/dags/airflow.py", line 9, in <module>
    from src.lab import load_data, data_preprocessing, build_save_model, load_model_elbow
ModuleNotFoundError: No module named 'src.lab'
[2025-12-13T02:34:54.903+0000] {processor.py:842} WARNING - No viable dags retrieved from /opt/airflow/dags/airflow.py
[2025-12-13T02:34:54.917+0000] {processor.py:183} INFO - Processing /opt/airflow/dags/airflow.py took 0.024 seconds
[2025-12-13T02:35:25.045+0000] {processor.py:161} INFO - Started process (PID=227) to work on /opt/airflow/dags/airflow.py
[2025-12-13T02:35:25.046+0000] {processor.py:830} INFO - Processing file /opt/airflow/dags/airflow.py for tasks to queue
[2025-12-13T02:35:25.048+0000] {logging_mixin.py:188} INFO - [2025-12-13T02:35:25.047+0000] {dagbag.py:545} INFO - Filling up the DagBag from /opt/airflow/dags/airflow.py
[2025-12-13T02:35:25.051+0000] {logging_mixin.py:188} INFO - [2025-12-13T02:35:25.050+0000] {dagbag.py:355} ERROR - Failed to import: /opt/airflow/dags/airflow.py
Traceback (most recent call last):
  File "/home/airflow/.local/lib/python3.12/site-packages/airflow/models/dagbag.py", line 351, in parse
    loader.exec_module(new_module)
  File "<frozen importlib._bootstrap_external>", line 995, in exec_module
  File "<frozen importlib._bootstrap>", line 488, in _call_with_frames_removed
  File "/opt/airflow/dags/airflow.py", line 9, in <module>
    from src.lab import load_data, data_preprocessing, build_save_model, load_model_elbow
ModuleNotFoundError: No module named 'src.lab'
[2025-12-13T02:35:25.051+0000] {processor.py:842} WARNING - No viable dags retrieved from /opt/airflow/dags/airflow.py
[2025-12-13T02:35:25.065+0000] {processor.py:183} INFO - Processing /opt/airflow/dags/airflow.py took 0.028 seconds
[2025-12-13T02:35:55.162+0000] {processor.py:161} INFO - Started process (PID=234) to work on /opt/airflow/dags/airflow.py
[2025-12-13T02:35:55.163+0000] {processor.py:830} INFO - Processing file /opt/airflow/dags/airflow.py for tasks to queue
[2025-12-13T02:35:55.164+0000] {logging_mixin.py:188} INFO - [2025-12-13T02:35:55.164+0000] {dagbag.py:545} INFO - Filling up the DagBag from /opt/airflow/dags/airflow.py
[2025-12-13T02:35:55.167+0000] {logging_mixin.py:188} INFO - [2025-12-13T02:35:55.166+0000] {dagbag.py:355} ERROR - Failed to import: /opt/airflow/dags/airflow.py
Traceback (most recent call last):
  File "/home/airflow/.local/lib/python3.12/site-packages/airflow/models/dagbag.py", line 351, in parse
    loader.exec_module(new_module)
  File "<frozen importlib._bootstrap_external>", line 995, in exec_module
  File "<frozen importlib._bootstrap>", line 488, in _call_with_frames_removed
  File "/opt/airflow/dags/airflow.py", line 9, in <module>
    from src.lab import load_data, data_preprocessing, build_save_model, load_model_elbow
ModuleNotFoundError: No module named 'src.lab'
[2025-12-13T02:35:55.167+0000] {processor.py:842} WARNING - No viable dags retrieved from /opt/airflow/dags/airflow.py
[2025-12-13T02:35:55.181+0000] {processor.py:183} INFO - Processing /opt/airflow/dags/airflow.py took 0.024 seconds
[2025-12-13T02:36:25.288+0000] {processor.py:161} INFO - Started process (PID=240) to work on /opt/airflow/dags/airflow.py
[2025-12-13T02:36:25.289+0000] {processor.py:830} INFO - Processing file /opt/airflow/dags/airflow.py for tasks to queue
[2025-12-13T02:36:25.291+0000] {logging_mixin.py:188} INFO - [2025-12-13T02:36:25.290+0000] {dagbag.py:545} INFO - Filling up the DagBag from /opt/airflow/dags/airflow.py
[2025-12-13T02:36:25.294+0000] {logging_mixin.py:188} INFO - [2025-12-13T02:36:25.293+0000] {dagbag.py:355} ERROR - Failed to import: /opt/airflow/dags/airflow.py
Traceback (most recent call last):
  File "/home/airflow/.local/lib/python3.12/site-packages/airflow/models/dagbag.py", line 351, in parse
    loader.exec_module(new_module)
  File "<frozen importlib._bootstrap_external>", line 995, in exec_module
  File "<frozen importlib._bootstrap>", line 488, in _call_with_frames_removed
  File "/opt/airflow/dags/airflow.py", line 9, in <module>
    from src.lab import load_data, data_preprocessing, build_save_model, load_model_elbow
ModuleNotFoundError: No module named 'src.lab'
[2025-12-13T02:36:25.294+0000] {processor.py:842} WARNING - No viable dags retrieved from /opt/airflow/dags/airflow.py
[2025-12-13T02:36:25.308+0000] {processor.py:183} INFO - Processing /opt/airflow/dags/airflow.py took 0.024 seconds
[2025-12-13T02:36:55.436+0000] {processor.py:161} INFO - Started process (PID=247) to work on /opt/airflow/dags/airflow.py
[2025-12-13T02:36:55.438+0000] {processor.py:830} INFO - Processing file /opt/airflow/dags/airflow.py for tasks to queue
[2025-12-13T02:36:55.443+0000] {logging_mixin.py:188} INFO - [2025-12-13T02:36:55.443+0000] {dagbag.py:545} INFO - Filling up the DagBag from /opt/airflow/dags/airflow.py
[2025-12-13T02:36:55.451+0000] {logging_mixin.py:188} INFO - [2025-12-13T02:36:55.450+0000] {dagbag.py:355} ERROR - Failed to import: /opt/airflow/dags/airflow.py
Traceback (most recent call last):
  File "/home/airflow/.local/lib/python3.12/site-packages/airflow/models/dagbag.py", line 351, in parse
    loader.exec_module(new_module)
  File "<frozen importlib._bootstrap_external>", line 995, in exec_module
  File "<frozen importlib._bootstrap>", line 488, in _call_with_frames_removed
  File "/opt/airflow/dags/airflow.py", line 9, in <module>
    from src.lab import load_data, data_preprocessing, build_save_model, load_model_elbow
ModuleNotFoundError: No module named 'src.lab'
[2025-12-13T02:36:55.454+0000] {processor.py:842} WARNING - No viable dags retrieved from /opt/airflow/dags/airflow.py
[2025-12-13T02:36:55.478+0000] {processor.py:183} INFO - Processing /opt/airflow/dags/airflow.py took 0.056 seconds
[2025-12-13T02:37:25.543+0000] {processor.py:161} INFO - Started process (PID=254) to work on /opt/airflow/dags/airflow.py
[2025-12-13T02:37:25.544+0000] {processor.py:830} INFO - Processing file /opt/airflow/dags/airflow.py for tasks to queue
[2025-12-13T02:37:25.546+0000] {logging_mixin.py:188} INFO - [2025-12-13T02:37:25.545+0000] {dagbag.py:545} INFO - Filling up the DagBag from /opt/airflow/dags/airflow.py
[2025-12-13T02:37:25.549+0000] {logging_mixin.py:188} INFO - [2025-12-13T02:37:25.548+0000] {dagbag.py:355} ERROR - Failed to import: /opt/airflow/dags/airflow.py
Traceback (most recent call last):
  File "/home/airflow/.local/lib/python3.12/site-packages/airflow/models/dagbag.py", line 351, in parse
    loader.exec_module(new_module)
  File "<frozen importlib._bootstrap_external>", line 995, in exec_module
  File "<frozen importlib._bootstrap>", line 488, in _call_with_frames_removed
  File "/opt/airflow/dags/airflow.py", line 9, in <module>
    from src.lab import load_data, data_preprocessing, build_save_model, load_model_elbow
ModuleNotFoundError: No module named 'src.lab'
[2025-12-13T02:37:25.550+0000] {processor.py:842} WARNING - No viable dags retrieved from /opt/airflow/dags/airflow.py
[2025-12-13T02:37:25.568+0000] {processor.py:183} INFO - Processing /opt/airflow/dags/airflow.py took 0.029 seconds
[2025-12-13T02:37:34.629+0000] {processor.py:161} INFO - Started process (PID=260) to work on /opt/airflow/dags/airflow.py
[2025-12-13T02:37:34.630+0000] {processor.py:830} INFO - Processing file /opt/airflow/dags/airflow.py for tasks to queue
[2025-12-13T02:37:34.631+0000] {logging_mixin.py:188} INFO - [2025-12-13T02:37:34.631+0000] {dagbag.py:545} INFO - Filling up the DagBag from /opt/airflow/dags/airflow.py
[2025-12-13T02:37:37.767+0000] {processor.py:840} INFO - DAG(s) 'Airflow_Lab1' retrieved from /opt/airflow/dags/airflow.py
[2025-12-13T02:37:38.200+0000] {logging_mixin.py:188} INFO - [2025-12-13T02:37:38.200+0000] {override.py:1829} INFO - Created Permission View: can edit on DAG:Airflow_Lab1
[2025-12-13T02:37:38.215+0000] {logging_mixin.py:188} INFO - [2025-12-13T02:37:38.214+0000] {override.py:1829} INFO - Created Permission View: can read on DAG:Airflow_Lab1
[2025-12-13T02:37:38.220+0000] {logging_mixin.py:188} INFO - [2025-12-13T02:37:38.220+0000] {override.py:1829} INFO - Created Permission View: can delete on DAG:Airflow_Lab1
[2025-12-13T02:37:38.221+0000] {logging_mixin.py:188} INFO - [2025-12-13T02:37:38.220+0000] {dag.py:3096} INFO - Sync 1 DAGs
[2025-12-13T02:37:38.230+0000] {logging_mixin.py:188} INFO - [2025-12-13T02:37:38.230+0000] {dag.py:3118} INFO - Creating ORM DAG for Airflow_Lab1
[2025-12-13T02:37:38.238+0000] {logging_mixin.py:188} INFO - [2025-12-13T02:37:38.238+0000] {dag.py:3954} INFO - Setting next_dagrun for Airflow_Lab1 to 2025-12-12 00:00:00+00:00, run_after=2025-12-13 00:00:00+00:00
[2025-12-13T02:37:38.252+0000] {processor.py:183} INFO - Processing /opt/airflow/dags/airflow.py took 3.627 seconds
[2025-12-13T02:40:21.816+0000] {processor.py:161} INFO - Started process (PID=77) to work on /opt/airflow/dags/airflow.py
[2025-12-13T02:40:21.817+0000] {processor.py:830} INFO - Processing file /opt/airflow/dags/airflow.py for tasks to queue
[2025-12-13T02:40:21.823+0000] {logging_mixin.py:188} INFO - [2025-12-13T02:40:21.823+0000] {dagbag.py:545} INFO - Filling up the DagBag from /opt/airflow/dags/airflow.py
[2025-12-13T02:40:25.442+0000] {processor.py:840} INFO - DAG(s) 'Airflow_Lab1' retrieved from /opt/airflow/dags/airflow.py
[2025-12-13T02:40:25.747+0000] {logging_mixin.py:188} INFO - [2025-12-13T02:40:25.747+0000] {dag.py:3096} INFO - Sync 1 DAGs
[2025-12-13T02:40:25.792+0000] {logging_mixin.py:188} INFO - [2025-12-13T02:40:25.792+0000] {dag.py:3954} INFO - Setting next_dagrun for Airflow_Lab1 to 2025-12-12 00:00:00+00:00, run_after=2025-12-13 00:00:00+00:00
[2025-12-13T02:40:25.837+0000] {processor.py:183} INFO - Processing /opt/airflow/dags/airflow.py took 4.042 seconds
[2025-12-13T02:40:55.993+0000] {processor.py:161} INFO - Started process (PID=86) to work on /opt/airflow/dags/airflow.py
[2025-12-13T02:40:55.993+0000] {processor.py:830} INFO - Processing file /opt/airflow/dags/airflow.py for tasks to queue
[2025-12-13T02:40:55.995+0000] {logging_mixin.py:188} INFO - [2025-12-13T02:40:55.995+0000] {dagbag.py:545} INFO - Filling up the DagBag from /opt/airflow/dags/airflow.py
[2025-12-13T02:40:57.620+0000] {processor.py:840} INFO - DAG(s) 'Airflow_Lab1' retrieved from /opt/airflow/dags/airflow.py
[2025-12-13T02:40:57.651+0000] {logging_mixin.py:188} INFO - [2025-12-13T02:40:57.650+0000] {dag.py:3096} INFO - Sync 1 DAGs
[2025-12-13T02:40:57.674+0000] {logging_mixin.py:188} INFO - [2025-12-13T02:40:57.674+0000] {dag.py:3954} INFO - Setting next_dagrun for Airflow_Lab1 to 2025-12-12 00:00:00+00:00, run_after=2025-12-13 00:00:00+00:00
[2025-12-13T02:40:57.687+0000] {processor.py:183} INFO - Processing /opt/airflow/dags/airflow.py took 1.700 seconds
[2025-12-13T02:41:27.825+0000] {processor.py:161} INFO - Started process (PID=95) to work on /opt/airflow/dags/airflow.py
[2025-12-13T02:41:27.825+0000] {processor.py:830} INFO - Processing file /opt/airflow/dags/airflow.py for tasks to queue
[2025-12-13T02:41:27.827+0000] {logging_mixin.py:188} INFO - [2025-12-13T02:41:27.826+0000] {dagbag.py:545} INFO - Filling up the DagBag from /opt/airflow/dags/airflow.py
[2025-12-13T02:41:29.161+0000] {processor.py:840} INFO - DAG(s) 'Airflow_Lab1' retrieved from /opt/airflow/dags/airflow.py
[2025-12-13T02:41:29.180+0000] {logging_mixin.py:188} INFO - [2025-12-13T02:41:29.179+0000] {dag.py:3096} INFO - Sync 1 DAGs
[2025-12-13T02:41:29.194+0000] {logging_mixin.py:188} INFO - [2025-12-13T02:41:29.194+0000] {dag.py:3954} INFO - Setting next_dagrun for Airflow_Lab1 to 2025-12-12 00:00:00+00:00, run_after=2025-12-13 00:00:00+00:00
[2025-12-13T02:41:29.206+0000] {processor.py:183} INFO - Processing /opt/airflow/dags/airflow.py took 1.386 seconds
[2025-12-13T02:41:59.310+0000] {processor.py:161} INFO - Started process (PID=109) to work on /opt/airflow/dags/airflow.py
[2025-12-13T02:41:59.310+0000] {processor.py:830} INFO - Processing file /opt/airflow/dags/airflow.py for tasks to queue
[2025-12-13T02:41:59.312+0000] {logging_mixin.py:188} INFO - [2025-12-13T02:41:59.311+0000] {dagbag.py:545} INFO - Filling up the DagBag from /opt/airflow/dags/airflow.py
[2025-12-13T02:42:00.380+0000] {processor.py:840} INFO - DAG(s) 'Airflow_Lab1' retrieved from /opt/airflow/dags/airflow.py
[2025-12-13T02:42:00.399+0000] {logging_mixin.py:188} INFO - [2025-12-13T02:42:00.399+0000] {dag.py:3096} INFO - Sync 1 DAGs
[2025-12-13T02:42:00.414+0000] {logging_mixin.py:188} INFO - [2025-12-13T02:42:00.414+0000] {dag.py:3954} INFO - Setting next_dagrun for Airflow_Lab1 to 2025-12-12 00:00:00+00:00, run_after=2025-12-13 00:00:00+00:00
[2025-12-13T02:42:00.426+0000] {processor.py:183} INFO - Processing /opt/airflow/dags/airflow.py took 1.121 seconds
[2025-12-13T02:42:30.551+0000] {processor.py:161} INFO - Started process (PID=118) to work on /opt/airflow/dags/airflow.py
[2025-12-13T02:42:30.552+0000] {processor.py:830} INFO - Processing file /opt/airflow/dags/airflow.py for tasks to queue
[2025-12-13T02:42:30.553+0000] {logging_mixin.py:188} INFO - [2025-12-13T02:42:30.553+0000] {dagbag.py:545} INFO - Filling up the DagBag from /opt/airflow/dags/airflow.py
[2025-12-13T02:42:31.590+0000] {processor.py:840} INFO - DAG(s) 'Airflow_Lab1' retrieved from /opt/airflow/dags/airflow.py
[2025-12-13T02:42:31.609+0000] {logging_mixin.py:188} INFO - [2025-12-13T02:42:31.608+0000] {dag.py:3096} INFO - Sync 1 DAGs
[2025-12-13T02:42:31.625+0000] {logging_mixin.py:188} INFO - [2025-12-13T02:42:31.624+0000] {dag.py:3954} INFO - Setting next_dagrun for Airflow_Lab1 to 2025-12-12 00:00:00+00:00, run_after=2025-12-13 00:00:00+00:00
[2025-12-13T02:42:31.639+0000] {processor.py:183} INFO - Processing /opt/airflow/dags/airflow.py took 1.092 seconds
[2025-12-13T02:43:01.751+0000] {processor.py:161} INFO - Started process (PID=127) to work on /opt/airflow/dags/airflow.py
[2025-12-13T02:43:01.751+0000] {processor.py:830} INFO - Processing file /opt/airflow/dags/airflow.py for tasks to queue
[2025-12-13T02:43:01.753+0000] {logging_mixin.py:188} INFO - [2025-12-13T02:43:01.753+0000] {dagbag.py:545} INFO - Filling up the DagBag from /opt/airflow/dags/airflow.py
[2025-12-13T02:43:02.979+0000] {processor.py:840} INFO - DAG(s) 'Airflow_Lab1' retrieved from /opt/airflow/dags/airflow.py
[2025-12-13T02:43:03.000+0000] {logging_mixin.py:188} INFO - [2025-12-13T02:43:02.999+0000] {dag.py:3096} INFO - Sync 1 DAGs
[2025-12-13T02:43:03.015+0000] {logging_mixin.py:188} INFO - [2025-12-13T02:43:03.015+0000] {dag.py:3954} INFO - Setting next_dagrun for Airflow_Lab1 to 2025-12-13 00:00:00+00:00, run_after=2025-12-14 00:00:00+00:00
[2025-12-13T02:43:03.027+0000] {processor.py:183} INFO - Processing /opt/airflow/dags/airflow.py took 1.281 seconds
[2025-12-13T02:43:33.147+0000] {processor.py:161} INFO - Started process (PID=135) to work on /opt/airflow/dags/airflow.py
[2025-12-13T02:43:33.147+0000] {processor.py:830} INFO - Processing file /opt/airflow/dags/airflow.py for tasks to queue
[2025-12-13T02:43:33.149+0000] {logging_mixin.py:188} INFO - [2025-12-13T02:43:33.149+0000] {dagbag.py:545} INFO - Filling up the DagBag from /opt/airflow/dags/airflow.py
[2025-12-13T02:43:34.369+0000] {processor.py:840} INFO - DAG(s) 'Airflow_Lab1' retrieved from /opt/airflow/dags/airflow.py
[2025-12-13T02:43:34.393+0000] {logging_mixin.py:188} INFO - [2025-12-13T02:43:34.393+0000] {dag.py:3096} INFO - Sync 1 DAGs
[2025-12-13T02:43:34.408+0000] {logging_mixin.py:188} INFO - [2025-12-13T02:43:34.407+0000] {dag.py:3954} INFO - Setting next_dagrun for Airflow_Lab1 to 2025-12-13 00:00:00+00:00, run_after=2025-12-14 00:00:00+00:00
[2025-12-13T02:43:34.419+0000] {processor.py:183} INFO - Processing /opt/airflow/dags/airflow.py took 1.277 seconds
[2025-12-13T02:44:04.539+0000] {processor.py:161} INFO - Started process (PID=144) to work on /opt/airflow/dags/airflow.py
[2025-12-13T02:44:04.539+0000] {processor.py:830} INFO - Processing file /opt/airflow/dags/airflow.py for tasks to queue
[2025-12-13T02:44:04.541+0000] {logging_mixin.py:188} INFO - [2025-12-13T02:44:04.541+0000] {dagbag.py:545} INFO - Filling up the DagBag from /opt/airflow/dags/airflow.py
[2025-12-13T02:44:05.584+0000] {processor.py:840} INFO - DAG(s) 'Airflow_Lab1' retrieved from /opt/airflow/dags/airflow.py
[2025-12-13T02:44:05.603+0000] {logging_mixin.py:188} INFO - [2025-12-13T02:44:05.603+0000] {dag.py:3096} INFO - Sync 1 DAGs
[2025-12-13T02:44:05.618+0000] {logging_mixin.py:188} INFO - [2025-12-13T02:44:05.618+0000] {dag.py:3954} INFO - Setting next_dagrun for Airflow_Lab1 to 2025-12-13 00:00:00+00:00, run_after=2025-12-14 00:00:00+00:00
[2025-12-13T02:44:05.630+0000] {processor.py:183} INFO - Processing /opt/airflow/dags/airflow.py took 1.095 seconds
[2025-12-13T02:44:35.749+0000] {processor.py:161} INFO - Started process (PID=153) to work on /opt/airflow/dags/airflow.py
[2025-12-13T02:44:35.750+0000] {processor.py:830} INFO - Processing file /opt/airflow/dags/airflow.py for tasks to queue
[2025-12-13T02:44:35.752+0000] {logging_mixin.py:188} INFO - [2025-12-13T02:44:35.751+0000] {dagbag.py:545} INFO - Filling up the DagBag from /opt/airflow/dags/airflow.py
[2025-12-13T02:44:36.819+0000] {processor.py:840} INFO - DAG(s) 'Airflow_Lab1' retrieved from /opt/airflow/dags/airflow.py
[2025-12-13T02:44:36.838+0000] {logging_mixin.py:188} INFO - [2025-12-13T02:44:36.838+0000] {dag.py:3096} INFO - Sync 1 DAGs
[2025-12-13T02:44:36.852+0000] {logging_mixin.py:188} INFO - [2025-12-13T02:44:36.852+0000] {dag.py:3954} INFO - Setting next_dagrun for Airflow_Lab1 to 2025-12-13 00:00:00+00:00, run_after=2025-12-14 00:00:00+00:00
[2025-12-13T02:44:36.866+0000] {processor.py:183} INFO - Processing /opt/airflow/dags/airflow.py took 1.121 seconds
[2025-12-13T02:45:06.984+0000] {processor.py:161} INFO - Started process (PID=162) to work on /opt/airflow/dags/airflow.py
[2025-12-13T02:45:06.984+0000] {processor.py:830} INFO - Processing file /opt/airflow/dags/airflow.py for tasks to queue
[2025-12-13T02:45:06.986+0000] {logging_mixin.py:188} INFO - [2025-12-13T02:45:06.986+0000] {dagbag.py:545} INFO - Filling up the DagBag from /opt/airflow/dags/airflow.py
[2025-12-13T02:45:08.002+0000] {processor.py:840} INFO - DAG(s) 'Airflow_Lab1' retrieved from /opt/airflow/dags/airflow.py
[2025-12-13T02:45:08.021+0000] {logging_mixin.py:188} INFO - [2025-12-13T02:45:08.021+0000] {dag.py:3096} INFO - Sync 1 DAGs
[2025-12-13T02:45:08.036+0000] {logging_mixin.py:188} INFO - [2025-12-13T02:45:08.036+0000] {dag.py:3954} INFO - Setting next_dagrun for Airflow_Lab1 to 2025-12-13 00:00:00+00:00, run_after=2025-12-14 00:00:00+00:00
[2025-12-13T02:45:08.048+0000] {processor.py:183} INFO - Processing /opt/airflow/dags/airflow.py took 1.068 seconds
[2025-12-13T02:45:38.104+0000] {processor.py:161} INFO - Started process (PID=171) to work on /opt/airflow/dags/airflow.py
[2025-12-13T02:45:38.105+0000] {processor.py:830} INFO - Processing file /opt/airflow/dags/airflow.py for tasks to queue
[2025-12-13T02:45:38.107+0000] {logging_mixin.py:188} INFO - [2025-12-13T02:45:38.106+0000] {dagbag.py:545} INFO - Filling up the DagBag from /opt/airflow/dags/airflow.py
[2025-12-13T02:45:39.495+0000] {processor.py:840} INFO - DAG(s) 'Airflow_Lab1' retrieved from /opt/airflow/dags/airflow.py
[2025-12-13T02:45:39.515+0000] {logging_mixin.py:188} INFO - [2025-12-13T02:45:39.515+0000] {dag.py:3096} INFO - Sync 1 DAGs
[2025-12-13T02:45:39.530+0000] {logging_mixin.py:188} INFO - [2025-12-13T02:45:39.529+0000] {dag.py:3954} INFO - Setting next_dagrun for Airflow_Lab1 to 2025-12-13 00:00:00+00:00, run_after=2025-12-14 00:00:00+00:00
[2025-12-13T02:45:39.541+0000] {processor.py:183} INFO - Processing /opt/airflow/dags/airflow.py took 1.444 seconds
[2025-12-13T02:46:09.653+0000] {processor.py:161} INFO - Started process (PID=181) to work on /opt/airflow/dags/airflow.py
[2025-12-13T02:46:09.654+0000] {processor.py:830} INFO - Processing file /opt/airflow/dags/airflow.py for tasks to queue
[2025-12-13T02:46:09.655+0000] {logging_mixin.py:188} INFO - [2025-12-13T02:46:09.655+0000] {dagbag.py:545} INFO - Filling up the DagBag from /opt/airflow/dags/airflow.py
[2025-12-13T02:46:10.697+0000] {processor.py:840} INFO - DAG(s) 'Airflow_Lab1' retrieved from /opt/airflow/dags/airflow.py
[2025-12-13T02:46:10.716+0000] {logging_mixin.py:188} INFO - [2025-12-13T02:46:10.716+0000] {dag.py:3096} INFO - Sync 1 DAGs
[2025-12-13T02:46:10.730+0000] {logging_mixin.py:188} INFO - [2025-12-13T02:46:10.730+0000] {dag.py:3954} INFO - Setting next_dagrun for Airflow_Lab1 to 2025-12-13 00:00:00+00:00, run_after=2025-12-14 00:00:00+00:00
[2025-12-13T02:46:10.742+0000] {processor.py:183} INFO - Processing /opt/airflow/dags/airflow.py took 1.093 seconds
[2025-12-13T02:46:40.798+0000] {processor.py:161} INFO - Started process (PID=190) to work on /opt/airflow/dags/airflow.py
[2025-12-13T02:46:40.798+0000] {processor.py:830} INFO - Processing file /opt/airflow/dags/airflow.py for tasks to queue
[2025-12-13T02:46:40.800+0000] {logging_mixin.py:188} INFO - [2025-12-13T02:46:40.800+0000] {dagbag.py:545} INFO - Filling up the DagBag from /opt/airflow/dags/airflow.py
[2025-12-13T02:46:41.855+0000] {processor.py:840} INFO - DAG(s) 'Airflow_Lab1' retrieved from /opt/airflow/dags/airflow.py
[2025-12-13T02:46:41.873+0000] {logging_mixin.py:188} INFO - [2025-12-13T02:46:41.873+0000] {dag.py:3096} INFO - Sync 1 DAGs
[2025-12-13T02:46:41.890+0000] {logging_mixin.py:188} INFO - [2025-12-13T02:46:41.889+0000] {dag.py:3954} INFO - Setting next_dagrun for Airflow_Lab1 to 2025-12-13 00:00:00+00:00, run_after=2025-12-14 00:00:00+00:00
[2025-12-13T02:46:41.902+0000] {processor.py:183} INFO - Processing /opt/airflow/dags/airflow.py took 1.108 seconds
[2025-12-13T02:47:11.966+0000] {processor.py:161} INFO - Started process (PID=199) to work on /opt/airflow/dags/airflow.py
[2025-12-13T02:47:11.966+0000] {processor.py:830} INFO - Processing file /opt/airflow/dags/airflow.py for tasks to queue
[2025-12-13T02:47:11.968+0000] {logging_mixin.py:188} INFO - [2025-12-13T02:47:11.967+0000] {dagbag.py:545} INFO - Filling up the DagBag from /opt/airflow/dags/airflow.py
[2025-12-13T02:47:13.023+0000] {processor.py:840} INFO - DAG(s) 'Airflow_Lab1' retrieved from /opt/airflow/dags/airflow.py
[2025-12-13T02:47:13.064+0000] {logging_mixin.py:188} INFO - [2025-12-13T02:47:13.063+0000] {dag.py:3096} INFO - Sync 1 DAGs
[2025-12-13T02:47:13.085+0000] {logging_mixin.py:188} INFO - [2025-12-13T02:47:13.085+0000] {dag.py:3954} INFO - Setting next_dagrun for Airflow_Lab1 to 2025-12-13 00:00:00+00:00, run_after=2025-12-14 00:00:00+00:00
[2025-12-13T02:47:13.111+0000] {processor.py:183} INFO - Processing /opt/airflow/dags/airflow.py took 1.150 seconds
